   1              	 .cpu cortex-m0
   2              	 .fpu softvfp
   3              	 .eabi_attribute 20,1
   4              	 .eabi_attribute 21,1
   5              	 .eabi_attribute 23,3
   6              	 .eabi_attribute 24,1
   7              	 .eabi_attribute 25,1
   8              	 .eabi_attribute 26,1
   9              	 .eabi_attribute 30,4
  10              	 .eabi_attribute 34,0
  11              	 .eabi_attribute 18,4
  12              	 .code 16
  13              	 .file "pal_os_lock.c"
  14              	 .text
  15              	.Ltext0:
  16              	 .cfi_sections .debug_frame
  17              	 .section .text.pal_os_lock_create,"ax",%progbits
  18              	 .align 1
  19              	 .global pal_os_lock_create
  20              	 .code 16
  21              	 .thumb_func
  23              	pal_os_lock_create:
  24              	.LFB0:
  25              	 .file 1 "C:/Workspace/DAVE-4.4.2-64Bit/optiga-trust-m/pal/xmc-dave-polling/pal_os_lock.c"
   1:C:/Workspace/DAVE-4.4.2-64Bit/optiga-trust-m/pal/xmc-dave-polling\pal_os_lock.c **** /**
   2:C:/Workspace/DAVE-4.4.2-64Bit/optiga-trust-m/pal/xmc-dave-polling\pal_os_lock.c **** * \copyright
   3:C:/Workspace/DAVE-4.4.2-64Bit/optiga-trust-m/pal/xmc-dave-polling\pal_os_lock.c **** * MIT License
   4:C:/Workspace/DAVE-4.4.2-64Bit/optiga-trust-m/pal/xmc-dave-polling\pal_os_lock.c **** *
   5:C:/Workspace/DAVE-4.4.2-64Bit/optiga-trust-m/pal/xmc-dave-polling\pal_os_lock.c **** * Copyright (c) 2019 Infineon Technologies AG
   6:C:/Workspace/DAVE-4.4.2-64Bit/optiga-trust-m/pal/xmc-dave-polling\pal_os_lock.c **** *
   7:C:/Workspace/DAVE-4.4.2-64Bit/optiga-trust-m/pal/xmc-dave-polling\pal_os_lock.c **** * Permission is hereby granted, free of charge, to any person obtaining a copy
   8:C:/Workspace/DAVE-4.4.2-64Bit/optiga-trust-m/pal/xmc-dave-polling\pal_os_lock.c **** * of this software and associated documentation files (the "Software"), to deal
   9:C:/Workspace/DAVE-4.4.2-64Bit/optiga-trust-m/pal/xmc-dave-polling\pal_os_lock.c **** * in the Software without restriction, including without limitation the rights
  10:C:/Workspace/DAVE-4.4.2-64Bit/optiga-trust-m/pal/xmc-dave-polling\pal_os_lock.c **** * to use, copy, modify, merge, publish, distribute, sublicense, and/or sell
  11:C:/Workspace/DAVE-4.4.2-64Bit/optiga-trust-m/pal/xmc-dave-polling\pal_os_lock.c **** * copies of the Software, and to permit persons to whom the Software is
  12:C:/Workspace/DAVE-4.4.2-64Bit/optiga-trust-m/pal/xmc-dave-polling\pal_os_lock.c **** * furnished to do so, subject to the following conditions:
  13:C:/Workspace/DAVE-4.4.2-64Bit/optiga-trust-m/pal/xmc-dave-polling\pal_os_lock.c **** *
  14:C:/Workspace/DAVE-4.4.2-64Bit/optiga-trust-m/pal/xmc-dave-polling\pal_os_lock.c **** * The above copyright notice and this permission notice shall be included in all
  15:C:/Workspace/DAVE-4.4.2-64Bit/optiga-trust-m/pal/xmc-dave-polling\pal_os_lock.c **** * copies or substantial portions of the Software.
  16:C:/Workspace/DAVE-4.4.2-64Bit/optiga-trust-m/pal/xmc-dave-polling\pal_os_lock.c **** *
  17:C:/Workspace/DAVE-4.4.2-64Bit/optiga-trust-m/pal/xmc-dave-polling\pal_os_lock.c **** * THE SOFTWARE IS PROVIDED "AS IS", WITHOUT WARRANTY OF ANY KIND, EXPRESS OR
  18:C:/Workspace/DAVE-4.4.2-64Bit/optiga-trust-m/pal/xmc-dave-polling\pal_os_lock.c **** * IMPLIED, INCLUDING BUT NOT LIMITED TO THE WARRANTIES OF MERCHANTABILITY,
  19:C:/Workspace/DAVE-4.4.2-64Bit/optiga-trust-m/pal/xmc-dave-polling\pal_os_lock.c **** * FITNESS FOR A PARTICULAR PURPOSE AND NONINFRINGEMENT. IN NO EVENT SHALL THE
  20:C:/Workspace/DAVE-4.4.2-64Bit/optiga-trust-m/pal/xmc-dave-polling\pal_os_lock.c **** * AUTHORS OR COPYRIGHT HOLDERS BE LIABLE FOR ANY CLAIM, DAMAGES OR OTHER
  21:C:/Workspace/DAVE-4.4.2-64Bit/optiga-trust-m/pal/xmc-dave-polling\pal_os_lock.c **** * LIABILITY, WHETHER IN AN ACTION OF CONTRACT, TORT OR OTHERWISE, ARISING FROM,
  22:C:/Workspace/DAVE-4.4.2-64Bit/optiga-trust-m/pal/xmc-dave-polling\pal_os_lock.c **** * OUT OF OR IN CONNECTION WITH THE SOFTWARE OR THE USE OR OTHER DEALINGS IN THE
  23:C:/Workspace/DAVE-4.4.2-64Bit/optiga-trust-m/pal/xmc-dave-polling\pal_os_lock.c **** * SOFTWARE
  24:C:/Workspace/DAVE-4.4.2-64Bit/optiga-trust-m/pal/xmc-dave-polling\pal_os_lock.c **** *
  25:C:/Workspace/DAVE-4.4.2-64Bit/optiga-trust-m/pal/xmc-dave-polling\pal_os_lock.c **** * \endcopyright
  26:C:/Workspace/DAVE-4.4.2-64Bit/optiga-trust-m/pal/xmc-dave-polling\pal_os_lock.c **** *
  27:C:/Workspace/DAVE-4.4.2-64Bit/optiga-trust-m/pal/xmc-dave-polling\pal_os_lock.c **** * \author Infineon Technologies AG
  28:C:/Workspace/DAVE-4.4.2-64Bit/optiga-trust-m/pal/xmc-dave-polling\pal_os_lock.c **** *
  29:C:/Workspace/DAVE-4.4.2-64Bit/optiga-trust-m/pal/xmc-dave-polling\pal_os_lock.c **** * \file pal_os_lock.c
  30:C:/Workspace/DAVE-4.4.2-64Bit/optiga-trust-m/pal/xmc-dave-polling\pal_os_lock.c **** *
  31:C:/Workspace/DAVE-4.4.2-64Bit/optiga-trust-m/pal/xmc-dave-polling\pal_os_lock.c **** * \brief   This file implements the platform abstraction layer APIs for os locks (e.g. semaphore).
  32:C:/Workspace/DAVE-4.4.2-64Bit/optiga-trust-m/pal/xmc-dave-polling\pal_os_lock.c **** *
  33:C:/Workspace/DAVE-4.4.2-64Bit/optiga-trust-m/pal/xmc-dave-polling\pal_os_lock.c **** * \ingroup  grPAL
  34:C:/Workspace/DAVE-4.4.2-64Bit/optiga-trust-m/pal/xmc-dave-polling\pal_os_lock.c **** *
  35:C:/Workspace/DAVE-4.4.2-64Bit/optiga-trust-m/pal/xmc-dave-polling\pal_os_lock.c **** * @{
  36:C:/Workspace/DAVE-4.4.2-64Bit/optiga-trust-m/pal/xmc-dave-polling\pal_os_lock.c **** */
  37:C:/Workspace/DAVE-4.4.2-64Bit/optiga-trust-m/pal/xmc-dave-polling\pal_os_lock.c **** 
  38:C:/Workspace/DAVE-4.4.2-64Bit/optiga-trust-m/pal/xmc-dave-polling\pal_os_lock.c **** #include "optiga/pal/pal_os_lock.h"
  39:C:/Workspace/DAVE-4.4.2-64Bit/optiga-trust-m/pal/xmc-dave-polling\pal_os_lock.c **** 
  40:C:/Workspace/DAVE-4.4.2-64Bit/optiga-trust-m/pal/xmc-dave-polling\pal_os_lock.c **** void pal_os_lock_create(pal_os_lock_t * p_lock, uint8_t lock_type)
  41:C:/Workspace/DAVE-4.4.2-64Bit/optiga-trust-m/pal/xmc-dave-polling\pal_os_lock.c **** {
  26              	 .loc 1 41 0
  27              	 .cfi_startproc
  28              	.LVL0:
  42:C:/Workspace/DAVE-4.4.2-64Bit/optiga-trust-m/pal/xmc-dave-polling\pal_os_lock.c ****     p_lock->type = lock_type;
  43:C:/Workspace/DAVE-4.4.2-64Bit/optiga-trust-m/pal/xmc-dave-polling\pal_os_lock.c ****     p_lock->lock = 0;
  29              	 .loc 1 43 0
  30 0000 0023     	 mov r3,#0
  42:C:/Workspace/DAVE-4.4.2-64Bit/optiga-trust-m/pal/xmc-dave-polling\pal_os_lock.c ****     p_lock->type = lock_type;
  31              	 .loc 1 42 0
  32 0002 4170     	 strb r1,[r0,#1]
  33              	 .loc 1 43 0
  34 0004 0370     	 strb r3,[r0]
  44:C:/Workspace/DAVE-4.4.2-64Bit/optiga-trust-m/pal/xmc-dave-polling\pal_os_lock.c **** }
  35              	 .loc 1 44 0
  36              	 
  37 0006 7047     	 bx lr
  38              	 .cfi_endproc
  39              	.LFE0:
  41              	 .section .text.pal_os_lock_destroy,"ax",%progbits
  42              	 .align 1
  43              	 .global pal_os_lock_destroy
  44              	 .code 16
  45              	 .thumb_func
  47              	pal_os_lock_destroy:
  48              	.LFB1:
  45:C:/Workspace/DAVE-4.4.2-64Bit/optiga-trust-m/pal/xmc-dave-polling\pal_os_lock.c **** 
  46:C:/Workspace/DAVE-4.4.2-64Bit/optiga-trust-m/pal/xmc-dave-polling\pal_os_lock.c **** //lint --e{715} suppress "p_lock is not used here as it is placeholder for future." 
  47:C:/Workspace/DAVE-4.4.2-64Bit/optiga-trust-m/pal/xmc-dave-polling\pal_os_lock.c **** //lint --e{818} suppress "Not declared as pointer as nothing needs to be updated in the pointer."
  48:C:/Workspace/DAVE-4.4.2-64Bit/optiga-trust-m/pal/xmc-dave-polling\pal_os_lock.c **** void pal_os_lock_destroy(pal_os_lock_t * p_lock)
  49:C:/Workspace/DAVE-4.4.2-64Bit/optiga-trust-m/pal/xmc-dave-polling\pal_os_lock.c **** {
  49              	 .loc 1 49 0
  50              	 .cfi_startproc
  51              	.LVL1:
  50:C:/Workspace/DAVE-4.4.2-64Bit/optiga-trust-m/pal/xmc-dave-polling\pal_os_lock.c ****     
  51:C:/Workspace/DAVE-4.4.2-64Bit/optiga-trust-m/pal/xmc-dave-polling\pal_os_lock.c **** }
  52              	 .loc 1 51 0
  53              	 
  54 0000 7047     	 bx lr
  55              	 .cfi_endproc
  56              	.LFE1:
  58              	 .section .text.pal_os_lock_acquire,"ax",%progbits
  59              	 .align 1
  60              	 .global pal_os_lock_acquire
  61              	 .code 16
  62              	 .thumb_func
  64              	pal_os_lock_acquire:
  65              	.LFB2:
  52:C:/Workspace/DAVE-4.4.2-64Bit/optiga-trust-m/pal/xmc-dave-polling\pal_os_lock.c **** 
  53:C:/Workspace/DAVE-4.4.2-64Bit/optiga-trust-m/pal/xmc-dave-polling\pal_os_lock.c **** pal_status_t pal_os_lock_acquire(pal_os_lock_t * p_lock)
  54:C:/Workspace/DAVE-4.4.2-64Bit/optiga-trust-m/pal/xmc-dave-polling\pal_os_lock.c **** {
  66              	 .loc 1 54 0
  67              	 .cfi_startproc
  68              	.LVL2:
  55:C:/Workspace/DAVE-4.4.2-64Bit/optiga-trust-m/pal/xmc-dave-polling\pal_os_lock.c ****     pal_status_t return_status = PAL_STATUS_FAILURE;
  56:C:/Workspace/DAVE-4.4.2-64Bit/optiga-trust-m/pal/xmc-dave-polling\pal_os_lock.c **** 
  57:C:/Workspace/DAVE-4.4.2-64Bit/optiga-trust-m/pal/xmc-dave-polling\pal_os_lock.c ****     if (!(p_lock->lock))
  69              	 .loc 1 57 0
  70 0000 0278     	 ldrb r2,[r0]
  71 0002 0123     	 mov r3,#1
  72 0004 002A     	 cmp r2,#0
  73 0006 01D1     	 bne .L4
  58:C:/Workspace/DAVE-4.4.2-64Bit/optiga-trust-m/pal/xmc-dave-polling\pal_os_lock.c ****     {
  59:C:/Workspace/DAVE-4.4.2-64Bit/optiga-trust-m/pal/xmc-dave-polling\pal_os_lock.c ****         p_lock->lock++;
  74              	 .loc 1 59 0
  75 0008 0370     	 strb r3,[r0]
  60:C:/Workspace/DAVE-4.4.2-64Bit/optiga-trust-m/pal/xmc-dave-polling\pal_os_lock.c ****         if (1 != p_lock->lock)
  61:C:/Workspace/DAVE-4.4.2-64Bit/optiga-trust-m/pal/xmc-dave-polling\pal_os_lock.c ****         {
  62:C:/Workspace/DAVE-4.4.2-64Bit/optiga-trust-m/pal/xmc-dave-polling\pal_os_lock.c ****             p_lock->lock--;
  63:C:/Workspace/DAVE-4.4.2-64Bit/optiga-trust-m/pal/xmc-dave-polling\pal_os_lock.c ****         }
  64:C:/Workspace/DAVE-4.4.2-64Bit/optiga-trust-m/pal/xmc-dave-polling\pal_os_lock.c ****         return_status = PAL_STATUS_SUCCESS;
  76              	 .loc 1 64 0
  77 000a 131C     	 mov r3,r2
  78              	.L4:
  79              	.LVL3:
  65:C:/Workspace/DAVE-4.4.2-64Bit/optiga-trust-m/pal/xmc-dave-polling\pal_os_lock.c ****     }
  66:C:/Workspace/DAVE-4.4.2-64Bit/optiga-trust-m/pal/xmc-dave-polling\pal_os_lock.c ****     return return_status;
  67:C:/Workspace/DAVE-4.4.2-64Bit/optiga-trust-m/pal/xmc-dave-polling\pal_os_lock.c **** }
  80              	 .loc 1 67 0
  81 000c 181C     	 mov r0,r3
  82              	.LVL4:
  83              	 
  84 000e 7047     	 bx lr
  85              	 .cfi_endproc
  86              	.LFE2:
  88              	 .section .text.pal_os_lock_release,"ax",%progbits
  89              	 .align 1
  90              	 .global pal_os_lock_release
  91              	 .code 16
  92              	 .thumb_func
  94              	pal_os_lock_release:
  95              	.LFB3:
  68:C:/Workspace/DAVE-4.4.2-64Bit/optiga-trust-m/pal/xmc-dave-polling\pal_os_lock.c **** 
  69:C:/Workspace/DAVE-4.4.2-64Bit/optiga-trust-m/pal/xmc-dave-polling\pal_os_lock.c **** void pal_os_lock_release(pal_os_lock_t * p_lock)
  70:C:/Workspace/DAVE-4.4.2-64Bit/optiga-trust-m/pal/xmc-dave-polling\pal_os_lock.c **** {
  96              	 .loc 1 70 0
  97              	 .cfi_startproc
  98              	.LVL5:
  71:C:/Workspace/DAVE-4.4.2-64Bit/optiga-trust-m/pal/xmc-dave-polling\pal_os_lock.c ****     if (0 != p_lock->lock)
  99              	 .loc 1 71 0
 100 0000 0378     	 ldrb r3,[r0]
 101 0002 002B     	 cmp r3,#0
 102 0004 01D0     	 beq .L7
  72:C:/Workspace/DAVE-4.4.2-64Bit/optiga-trust-m/pal/xmc-dave-polling\pal_os_lock.c ****     {
  73:C:/Workspace/DAVE-4.4.2-64Bit/optiga-trust-m/pal/xmc-dave-polling\pal_os_lock.c ****         p_lock->lock--;
 103              	 .loc 1 73 0
 104 0006 013B     	 sub r3,r3,#1
 105 0008 0370     	 strb r3,[r0]
 106              	.L7:
  74:C:/Workspace/DAVE-4.4.2-64Bit/optiga-trust-m/pal/xmc-dave-polling\pal_os_lock.c ****     }
  75:C:/Workspace/DAVE-4.4.2-64Bit/optiga-trust-m/pal/xmc-dave-polling\pal_os_lock.c **** }
 107              	 .loc 1 75 0
 108              	 
 109 000a 7047     	 bx lr
 110              	 .cfi_endproc
 111              	.LFE3:
 113              	 .section .text.pal_os_lock_enter_critical_section,"ax",%progbits
 114              	 .align 1
 115              	 .global pal_os_lock_enter_critical_section
 116              	 .code 16
 117              	 .thumb_func
 119              	pal_os_lock_enter_critical_section:
 120              	.LFB4:
  76:C:/Workspace/DAVE-4.4.2-64Bit/optiga-trust-m/pal/xmc-dave-polling\pal_os_lock.c **** 
  77:C:/Workspace/DAVE-4.4.2-64Bit/optiga-trust-m/pal/xmc-dave-polling\pal_os_lock.c **** void pal_os_lock_enter_critical_section()
  78:C:/Workspace/DAVE-4.4.2-64Bit/optiga-trust-m/pal/xmc-dave-polling\pal_os_lock.c **** {
 121              	 .loc 1 78 0
 122              	 .cfi_startproc
  79:C:/Workspace/DAVE-4.4.2-64Bit/optiga-trust-m/pal/xmc-dave-polling\pal_os_lock.c **** }
 123              	 .loc 1 79 0
 124              	 
 125 0000 7047     	 bx lr
 126              	 .cfi_endproc
 127              	.LFE4:
 129              	 .section .text.pal_os_lock_exit_critical_section,"ax",%progbits
 130              	 .align 1
 131              	 .global pal_os_lock_exit_critical_section
 132              	 .code 16
 133              	 .thumb_func
 135              	pal_os_lock_exit_critical_section:
 136              	.LFB5:
  80:C:/Workspace/DAVE-4.4.2-64Bit/optiga-trust-m/pal/xmc-dave-polling\pal_os_lock.c **** 
  81:C:/Workspace/DAVE-4.4.2-64Bit/optiga-trust-m/pal/xmc-dave-polling\pal_os_lock.c **** void pal_os_lock_exit_critical_section()
  82:C:/Workspace/DAVE-4.4.2-64Bit/optiga-trust-m/pal/xmc-dave-polling\pal_os_lock.c **** {
 137              	 .loc 1 82 0
 138              	 .cfi_startproc
  83:C:/Workspace/DAVE-4.4.2-64Bit/optiga-trust-m/pal/xmc-dave-polling\pal_os_lock.c **** }
 139              	 .loc 1 83 0
 140              	 
 141 0000 7047     	 bx lr
 142              	 .cfi_endproc
 143              	.LFE5:
 145              	 .text
 146              	.Letext0:
 147              	 .file 2 "c:\\dave_4-4-2_64bit\\dave-ide-4.4.2-64bit\\eclipse\\arm-gcc-49\\arm-none-eabi\\include\\machine\\_default_types.h"
 148              	 .file 3 "c:\\dave_4-4-2_64bit\\dave-ide-4.4.2-64bit\\eclipse\\arm-gcc-49\\arm-none-eabi\\include\\stdint.h"
 149              	 .file 4 "C:/Workspace/DAVE-4.4.2-64Bit/optiga-trust-m/optiga/include/optiga/pal/pal.h"
 150              	 .file 5 "C:/Workspace/DAVE-4.4.2-64Bit/optiga-trust-m/optiga/include/optiga/pal/pal_os_lock.h"
DEFINED SYMBOLS
                            *ABS*:00000000 pal_os_lock.c
    {standard input}:18     .text.pal_os_lock_create:00000000 $t
    {standard input}:23     .text.pal_os_lock_create:00000000 pal_os_lock_create
    {standard input}:42     .text.pal_os_lock_destroy:00000000 $t
    {standard input}:47     .text.pal_os_lock_destroy:00000000 pal_os_lock_destroy
    {standard input}:59     .text.pal_os_lock_acquire:00000000 $t
    {standard input}:64     .text.pal_os_lock_acquire:00000000 pal_os_lock_acquire
    {standard input}:89     .text.pal_os_lock_release:00000000 $t
    {standard input}:94     .text.pal_os_lock_release:00000000 pal_os_lock_release
    {standard input}:114    .text.pal_os_lock_enter_critical_section:00000000 $t
    {standard input}:119    .text.pal_os_lock_enter_critical_section:00000000 pal_os_lock_enter_critical_section
    {standard input}:130    .text.pal_os_lock_exit_critical_section:00000000 $t
    {standard input}:135    .text.pal_os_lock_exit_critical_section:00000000 pal_os_lock_exit_critical_section
                     .debug_frame:00000010 $d

NO UNDEFINED SYMBOLS
