   1              	 .cpu cortex-m0
   2              	 .fpu softvfp
   3              	 .eabi_attribute 20,1
   4              	 .eabi_attribute 21,1
   5              	 .eabi_attribute 23,3
   6              	 .eabi_attribute 24,1
   7              	 .eabi_attribute 25,1
   8              	 .eabi_attribute 26,1
   9              	 .eabi_attribute 30,4
  10              	 .eabi_attribute 34,0
  11              	 .eabi_attribute 18,4
  12              	 .code 16
  13              	 .file "clock_xmc1.c"
  14              	 .text
  15              	.Ltext0:
  16              	 .cfi_sections .debug_frame
  17              	 .section .text.CLOCK_XMC1_GetAppVersion,"ax",%progbits
  18              	 .align 1
  19              	 .global CLOCK_XMC1_GetAppVersion
  20              	 .code 16
  21              	 .thumb_func
  23              	CLOCK_XMC1_GetAppVersion:
  24              	.LFB67:
  25              	 .file 1 "../Dave/Generated/CLOCK_XMC1/clock_xmc1.c"
   1:../Dave/Generated/CLOCK_XMC1/clock_xmc1.c **** /**
   2:../Dave/Generated/CLOCK_XMC1/clock_xmc1.c ****  * @file clock_xmc1.c
   3:../Dave/Generated/CLOCK_XMC1/clock_xmc1.c ****  * @date 2016-07-08
   4:../Dave/Generated/CLOCK_XMC1/clock_xmc1.c ****  *
   5:../Dave/Generated/CLOCK_XMC1/clock_xmc1.c ****  * NOTE:
   6:../Dave/Generated/CLOCK_XMC1/clock_xmc1.c ****  * This file is generated by DAVE. Any manual modification done to this file will be lost when the 
   7:../Dave/Generated/CLOCK_XMC1/clock_xmc1.c ****  *
   8:../Dave/Generated/CLOCK_XMC1/clock_xmc1.c ****  * @cond
   9:../Dave/Generated/CLOCK_XMC1/clock_xmc1.c ****  **************************************************************************************************
  10:../Dave/Generated/CLOCK_XMC1/clock_xmc1.c ****  * CLOCK_XMC1 v4.0.18 - APP to configure System and Peripheral Clocks.
  11:../Dave/Generated/CLOCK_XMC1/clock_xmc1.c ****  *
  12:../Dave/Generated/CLOCK_XMC1/clock_xmc1.c ****  * Copyright (c) 2015-2016, Infineon Technologies AG
  13:../Dave/Generated/CLOCK_XMC1/clock_xmc1.c ****  * All rights reserved.                        
  14:../Dave/Generated/CLOCK_XMC1/clock_xmc1.c ****  *                                             
  15:../Dave/Generated/CLOCK_XMC1/clock_xmc1.c ****  * Redistribution and use in source and binary forms, with or without modification,are permitted pr
  16:../Dave/Generated/CLOCK_XMC1/clock_xmc1.c ****  * following conditions are met:   
  17:../Dave/Generated/CLOCK_XMC1/clock_xmc1.c ****  *                                                                              
  18:../Dave/Generated/CLOCK_XMC1/clock_xmc1.c ****  *   Redistributions of source code must retain the above copyright notice, this list of conditions
  19:../Dave/Generated/CLOCK_XMC1/clock_xmc1.c ****  *   disclaimer.                        
  20:../Dave/Generated/CLOCK_XMC1/clock_xmc1.c ****  * 
  21:../Dave/Generated/CLOCK_XMC1/clock_xmc1.c ****  *   Redistributions in binary form must reproduce the above copyright notice, this list of conditi
  22:../Dave/Generated/CLOCK_XMC1/clock_xmc1.c ****  *   following disclaimer in the documentation and/or other materials provided with the distributio
  23:../Dave/Generated/CLOCK_XMC1/clock_xmc1.c ****  *                         
  24:../Dave/Generated/CLOCK_XMC1/clock_xmc1.c ****  *   Neither the name of the copyright holders nor the names of its contributors may be used to end
  25:../Dave/Generated/CLOCK_XMC1/clock_xmc1.c ****  *   products derived from this software without specific prior written permission. 
  26:../Dave/Generated/CLOCK_XMC1/clock_xmc1.c ****  *                                             
  27:../Dave/Generated/CLOCK_XMC1/clock_xmc1.c ****  * THIS SOFTWARE IS PROVIDED BY THE COPYRIGHT HOLDERS AND CONTRIBUTORS "AS IS" AND ANY EXPRESS OR I
  28:../Dave/Generated/CLOCK_XMC1/clock_xmc1.c ****  * INCLUDING, BUT NOT LIMITED TO, THE IMPLIED WARRANTIES OF MERCHANTABILITY AND FITNESS FOR A PARTI
  29:../Dave/Generated/CLOCK_XMC1/clock_xmc1.c ****  * DISCLAIMED. IN NO EVENT SHALL THE COPYRIGHT HOLDER OR CONTRIBUTORS BE LIABLE  FOR ANY DIRECT, IN
  30:../Dave/Generated/CLOCK_XMC1/clock_xmc1.c ****  * SPECIAL, EXEMPLARY, OR CONSEQUENTIAL DAMAGES (INCLUDING, BUT NOT LIMITED TO, PROCUREMENT OF SUBS
  31:../Dave/Generated/CLOCK_XMC1/clock_xmc1.c ****  * SERVICES; LOSS OF USE, DATA, OR PROFITS; OR BUSINESS INTERRUPTION) HOWEVER CAUSED AND ON ANY THE
  32:../Dave/Generated/CLOCK_XMC1/clock_xmc1.c ****  * WHETHER IN CONTRACT, STRICT LIABILITY,OR TORT (INCLUDING NEGLIGENCE OR OTHERWISE) ARISING IN ANY
  33:../Dave/Generated/CLOCK_XMC1/clock_xmc1.c ****  * USE OF THIS SOFTWARE, EVEN IF ADVISED OF THE POSSIBILITY OF SUCH DAMAGE.    
  34:../Dave/Generated/CLOCK_XMC1/clock_xmc1.c ****  *                                                                              
  35:../Dave/Generated/CLOCK_XMC1/clock_xmc1.c ****  * To improve the quality of the software, users are encouraged to share modifications, enhancement
  36:../Dave/Generated/CLOCK_XMC1/clock_xmc1.c ****  * with Infineon Technologies AG (dave@infineon.com).        
  37:../Dave/Generated/CLOCK_XMC1/clock_xmc1.c ****  **************************************************************************************************
  38:../Dave/Generated/CLOCK_XMC1/clock_xmc1.c ****  *
  39:../Dave/Generated/CLOCK_XMC1/clock_xmc1.c ****  * Change History
  40:../Dave/Generated/CLOCK_XMC1/clock_xmc1.c ****  * --------------
  41:../Dave/Generated/CLOCK_XMC1/clock_xmc1.c ****  * 2015-02-16:
  42:../Dave/Generated/CLOCK_XMC1/clock_xmc1.c ****  *     - Initial version for DAVEv4. <BR>
  43:../Dave/Generated/CLOCK_XMC1/clock_xmc1.c ****  * 2015-05-08:
  44:../Dave/Generated/CLOCK_XMC1/clock_xmc1.c ****  *     - Typo mistake corrected in _GetAppVersion(). <BR>
  45:../Dave/Generated/CLOCK_XMC1/clock_xmc1.c ****  * 2015-09-22:
  46:../Dave/Generated/CLOCK_XMC1/clock_xmc1.c ****  *     - CLOCK_XMC1_Init API and CLOCK_XMC1_SetMCLKFrequency APIs are provided. <BR>
  47:../Dave/Generated/CLOCK_XMC1/clock_xmc1.c ****  * 2015-10-19:
  48:../Dave/Generated/CLOCK_XMC1/clock_xmc1.c ****  *     - non-weak OSCHP_GetFrequency function is provided. <BR>
  49:../Dave/Generated/CLOCK_XMC1/clock_xmc1.c ****  *     - CLOCK_XMC1_IsDCO1ExtRefCalibrationReady function is provided. <BR>
  50:../Dave/Generated/CLOCK_XMC1/clock_xmc1.c ****  * 2016-05-24:
  51:../Dave/Generated/CLOCK_XMC1/clock_xmc1.c ****  *     - XMC_ASSERT is added for CLOCK_XMC1_Init API. <BR>
  52:../Dave/Generated/CLOCK_XMC1/clock_xmc1.c ****  * 2016-07-08:
  53:../Dave/Generated/CLOCK_XMC1/clock_xmc1.c ****  *     - Fixed incorrect case for an included header.<br>
  54:../Dave/Generated/CLOCK_XMC1/clock_xmc1.c ****  *
  55:../Dave/Generated/CLOCK_XMC1/clock_xmc1.c ****  * @endcond 
  56:../Dave/Generated/CLOCK_XMC1/clock_xmc1.c ****  *
  57:../Dave/Generated/CLOCK_XMC1/clock_xmc1.c ****  */
  58:../Dave/Generated/CLOCK_XMC1/clock_xmc1.c ****  
  59:../Dave/Generated/CLOCK_XMC1/clock_xmc1.c **** /**************************************************************************************************
  60:../Dave/Generated/CLOCK_XMC1/clock_xmc1.c ****  * HEADER FILES                                                                                    
  61:../Dave/Generated/CLOCK_XMC1/clock_xmc1.c ****  **************************************************************************************************
  62:../Dave/Generated/CLOCK_XMC1/clock_xmc1.c **** #include "clock_xmc1.h"
  63:../Dave/Generated/CLOCK_XMC1/clock_xmc1.c **** 
  64:../Dave/Generated/CLOCK_XMC1/clock_xmc1.c **** /**************************************************************************************************
  65:../Dave/Generated/CLOCK_XMC1/clock_xmc1.c ****  * MACROS
  66:../Dave/Generated/CLOCK_XMC1/clock_xmc1.c ****  **************************************************************************************************
  67:../Dave/Generated/CLOCK_XMC1/clock_xmc1.c **** 
  68:../Dave/Generated/CLOCK_XMC1/clock_xmc1.c **** /**************************************************************************************************
  69:../Dave/Generated/CLOCK_XMC1/clock_xmc1.c ****  * LOCAL DATA
  70:../Dave/Generated/CLOCK_XMC1/clock_xmc1.c ****  **************************************************************************************************
  71:../Dave/Generated/CLOCK_XMC1/clock_xmc1.c **** 
  72:../Dave/Generated/CLOCK_XMC1/clock_xmc1.c **** /**************************************************************************************************
  73:../Dave/Generated/CLOCK_XMC1/clock_xmc1.c ****  * LOCAL ROUTINES
  74:../Dave/Generated/CLOCK_XMC1/clock_xmc1.c ****  **************************************************************************************************
  75:../Dave/Generated/CLOCK_XMC1/clock_xmc1.c **** 
  76:../Dave/Generated/CLOCK_XMC1/clock_xmc1.c **** /**************************************************************************************************
  77:../Dave/Generated/CLOCK_XMC1/clock_xmc1.c **** * API IMPLEMENTATION
  78:../Dave/Generated/CLOCK_XMC1/clock_xmc1.c **** ***************************************************************************************************
  79:../Dave/Generated/CLOCK_XMC1/clock_xmc1.c **** /*  API to retrieve version of the APP */
  80:../Dave/Generated/CLOCK_XMC1/clock_xmc1.c **** DAVE_APP_VERSION_t CLOCK_XMC1_GetAppVersion(void)
  81:../Dave/Generated/CLOCK_XMC1/clock_xmc1.c **** {
  26              	 .loc 1 81 0
  27              	 .cfi_startproc
  28              	.LVL0:
  82:../Dave/Generated/CLOCK_XMC1/clock_xmc1.c ****   DAVE_APP_VERSION_t version;
  83:../Dave/Generated/CLOCK_XMC1/clock_xmc1.c ****   version.major = (uint8_t)CLOCK_XMC1_MAJOR_VERSION;
  84:../Dave/Generated/CLOCK_XMC1/clock_xmc1.c ****   version.minor = (uint8_t)CLOCK_XMC1_MINOR_VERSION;
  85:../Dave/Generated/CLOCK_XMC1/clock_xmc1.c ****   version.patch = (uint8_t)CLOCK_XMC1_PATCH_VERSION;
  86:../Dave/Generated/CLOCK_XMC1/clock_xmc1.c **** 
  87:../Dave/Generated/CLOCK_XMC1/clock_xmc1.c ****   return (version);
  88:../Dave/Generated/CLOCK_XMC1/clock_xmc1.c **** }
  29              	 .loc 1 88 0
  30 0000 0148     	 ldr r0,.L2
  81:../Dave/Generated/CLOCK_XMC1/clock_xmc1.c ****   DAVE_APP_VERSION_t version;
  31              	 .loc 1 81 0
  32 0002 82B0     	 sub sp,sp,#8
  33              	.LCFI0:
  34              	 .cfi_def_cfa_offset 8
  35              	 .loc 1 88 0
  36 0004 02B0     	 add sp,sp,#8
  37              	 
  38 0006 7047     	 bx lr
  39              	.L3:
  40              	 .align 2
  41              	.L2:
  42 0008 04001400 	 .word 1310724
  43              	 .cfi_endproc
  44              	.LFE67:
  46              	 .section .text.CLOCK_XMC1_Init,"ax",%progbits
  47              	 .align 1
  48              	 .global CLOCK_XMC1_Init
  49              	 .code 16
  50              	 .thumb_func
  52              	CLOCK_XMC1_Init:
  53              	.LFB68:
  89:../Dave/Generated/CLOCK_XMC1/clock_xmc1.c **** 
  90:../Dave/Generated/CLOCK_XMC1/clock_xmc1.c **** /*
  91:../Dave/Generated/CLOCK_XMC1/clock_xmc1.c ****  * API to initialize the CLOCK_XMC1 APP Interrupts
  92:../Dave/Generated/CLOCK_XMC1/clock_xmc1.c ****  */
  93:../Dave/Generated/CLOCK_XMC1/clock_xmc1.c **** CLOCK_XMC1_STATUS_t CLOCK_XMC1_Init(CLOCK_XMC1_t *handle)
  94:../Dave/Generated/CLOCK_XMC1/clock_xmc1.c **** {
  54              	 .loc 1 94 0
  55              	 .cfi_startproc
  56              	.LVL1:
  95:../Dave/Generated/CLOCK_XMC1/clock_xmc1.c ****   CLOCK_XMC1_STATUS_t status = CLOCK_XMC1_STATUS_SUCCESS;
  96:../Dave/Generated/CLOCK_XMC1/clock_xmc1.c ****   CLOCK_XMC1_STATUS_t loci_event_status = CLOCK_XMC1_STATUS_SUCCESS;
  97:../Dave/Generated/CLOCK_XMC1/clock_xmc1.c ****   CLOCK_XMC1_STATUS_t stdbyclkfail_status = CLOCK_XMC1_STATUS_SUCCESS;
  98:../Dave/Generated/CLOCK_XMC1/clock_xmc1.c ****   CLOCK_XMC1_STATUS_t loss_ext_clock_event_status = CLOCK_XMC1_STATUS_SUCCESS;
  99:../Dave/Generated/CLOCK_XMC1/clock_xmc1.c ****   CLOCK_XMC1_STATUS_t dco1_out_sync_status = CLOCK_XMC1_STATUS_SUCCESS;
 100:../Dave/Generated/CLOCK_XMC1/clock_xmc1.c **** 
 101:../Dave/Generated/CLOCK_XMC1/clock_xmc1.c ****   XMC_ASSERT("CLOCK_XMC1_Init: CLOCK_XMC1 APP handle pointer uninitialized", (handle != NULL));
 102:../Dave/Generated/CLOCK_XMC1/clock_xmc1.c **** 
 103:../Dave/Generated/CLOCK_XMC1/clock_xmc1.c ****   if (handle->init_status == false)
  57              	 .loc 1 103 0
  58 0000 0378     	 ldrb r3,[r0]
  59 0002 002B     	 cmp r3,#0
  60 0004 01D1     	 bne .L5
 104:../Dave/Generated/CLOCK_XMC1/clock_xmc1.c ****   {
 105:../Dave/Generated/CLOCK_XMC1/clock_xmc1.c **** #ifdef CLOCK_XMC1_INTERRUPT_ENABLED
 106:../Dave/Generated/CLOCK_XMC1/clock_xmc1.c **** 
 107:../Dave/Generated/CLOCK_XMC1/clock_xmc1.c ****     status = (CLOCK_XMC1_STATUS_t)GLOBAL_SCU_XMC1_Init(handle->global_scu_handleptr);
 108:../Dave/Generated/CLOCK_XMC1/clock_xmc1.c ****     if (CLOCK_XMC1_STATUS_SUCCESS == status)
 109:../Dave/Generated/CLOCK_XMC1/clock_xmc1.c ****     {
 110:../Dave/Generated/CLOCK_XMC1/clock_xmc1.c **** #ifdef CLOCK_XMC1_LOCI_EVENT_ENABLED
 111:../Dave/Generated/CLOCK_XMC1/clock_xmc1.c ****       /* Initialization of CPU_CTRL_XMC1 APP */
 112:../Dave/Generated/CLOCK_XMC1/clock_xmc1.c ****       loci_event_status = (CLOCK_XMC1_STATUS_t)GLOBAL_SCU_XMC1_RegisterCallback(
 113:../Dave/Generated/CLOCK_XMC1/clock_xmc1.c ****                            GLOBAL_SCU_XMC1_EVENT_LOCI, handle->callback_function_loci);
 114:../Dave/Generated/CLOCK_XMC1/clock_xmc1.c ****       /* Enable Loss of DCO1 Clock Event */
 115:../Dave/Generated/CLOCK_XMC1/clock_xmc1.c ****       XMC_SCU_INTERRUPT_EnableEvent(GLOBAL_SCU_XMC1_EVENT_LOCI);
 116:../Dave/Generated/CLOCK_XMC1/clock_xmc1.c **** #endif
 117:../Dave/Generated/CLOCK_XMC1/clock_xmc1.c **** #ifdef CLOCK_XMC1_STDBYCLKFAIL_EVENT_ENABLED
 118:../Dave/Generated/CLOCK_XMC1/clock_xmc1.c ****       /* Initialization of CPU_CTRL_XMC1 APP */
 119:../Dave/Generated/CLOCK_XMC1/clock_xmc1.c ****       stdbyclkfail_status = (CLOCK_XMC1_STATUS_t)GLOBAL_SCU_XMC1_RegisterCallback(
 120:../Dave/Generated/CLOCK_XMC1/clock_xmc1.c ****                              GLOBAL_SCU_XMC1_EVENT_STDBYCLKFAIL, handle->callback_function_stdbyclk
 121:../Dave/Generated/CLOCK_XMC1/clock_xmc1.c ****       /* Enable Standby Clock Failure Event */
 122:../Dave/Generated/CLOCK_XMC1/clock_xmc1.c ****       XMC_SCU_INTERRUPT_EnableEvent(GLOBAL_SCU_XMC1_EVENT_STDBYCLKFAIL);
 123:../Dave/Generated/CLOCK_XMC1/clock_xmc1.c **** #endif
 124:../Dave/Generated/CLOCK_XMC1/clock_xmc1.c **** 
 125:../Dave/Generated/CLOCK_XMC1/clock_xmc1.c **** #if (UC_SERIES == XMC14)
 126:../Dave/Generated/CLOCK_XMC1/clock_xmc1.c **** 
 127:../Dave/Generated/CLOCK_XMC1/clock_xmc1.c **** #ifdef CLOCK_XMC1_LOSS_EXT_CLOCK_EVENT_ENABLED
 128:../Dave/Generated/CLOCK_XMC1/clock_xmc1.c ****       /* Initialization of CPU_CTRL_XMC1 APP */
 129:../Dave/Generated/CLOCK_XMC1/clock_xmc1.c ****       loss_ext_clock_event_status = (CLOCK_XMC1_STATUS_t)GLOBAL_SCU_XMC1_RegisterCallback(
 130:../Dave/Generated/CLOCK_XMC1/clock_xmc1.c ****                                      GLOBAL_SCU_XMC1_EVENT_LOSS_EXT_CLOCK, handle->callback_functio
 131:../Dave/Generated/CLOCK_XMC1/clock_xmc1.c ****       /* Enable Loss of external OSC_HP clock Event */
 132:../Dave/Generated/CLOCK_XMC1/clock_xmc1.c ****       XMC_SCU_INTERRUPT_EnableEvent(GLOBAL_SCU_XMC1_EVENT_LOSS_EXT_CLOCK);
 133:../Dave/Generated/CLOCK_XMC1/clock_xmc1.c **** #endif
 134:../Dave/Generated/CLOCK_XMC1/clock_xmc1.c **** #ifdef CLOCK_XMC1_DCO1_OUT_SYNC_EVENT_ENABLED
 135:../Dave/Generated/CLOCK_XMC1/clock_xmc1.c ****       /* Initialization of CPU_CTRL_XMC1 APP */
 136:../Dave/Generated/CLOCK_XMC1/clock_xmc1.c ****       dco1_out_sync_status = (CLOCK_XMC1_STATUS_t)GLOBAL_SCU_XMC1_RegisterCallback(
 137:../Dave/Generated/CLOCK_XMC1/clock_xmc1.c ****                               GLOBAL_SCU_XMC1_EVENT_DCO1_OUT_SYNC, handle->callback_function_dco1_o
 138:../Dave/Generated/CLOCK_XMC1/clock_xmc1.c ****       /* Enable  DCO1 Out of SYNC Event */
 139:../Dave/Generated/CLOCK_XMC1/clock_xmc1.c ****       XMC_SCU_INTERRUPT_EnableEvent(GLOBAL_SCU_XMC1_EVENT_DCO1_OUT_SYNC);
 140:../Dave/Generated/CLOCK_XMC1/clock_xmc1.c **** #endif
 141:../Dave/Generated/CLOCK_XMC1/clock_xmc1.c **** 
 142:../Dave/Generated/CLOCK_XMC1/clock_xmc1.c **** #endif
 143:../Dave/Generated/CLOCK_XMC1/clock_xmc1.c ****     }
 144:../Dave/Generated/CLOCK_XMC1/clock_xmc1.c **** 
 145:../Dave/Generated/CLOCK_XMC1/clock_xmc1.c **** #endif
 146:../Dave/Generated/CLOCK_XMC1/clock_xmc1.c ****     status = (CLOCK_XMC1_STATUS_t)(((uint32_t)loci_event_status) | ((uint32_t)stdbyclkfail_status) 
 147:../Dave/Generated/CLOCK_XMC1/clock_xmc1.c ****     		                       ((uint32_t)loss_ext_clock_event_status) | ((uint32_t)dco1_out_sync_sta
 148:../Dave/Generated/CLOCK_XMC1/clock_xmc1.c ****     if (CLOCK_XMC1_STATUS_SUCCESS == status)
 149:../Dave/Generated/CLOCK_XMC1/clock_xmc1.c ****     {
 150:../Dave/Generated/CLOCK_XMC1/clock_xmc1.c ****       handle->init_status = true;
  61              	 .loc 1 150 0
  62 0006 0133     	 add r3,r3,#1
  63 0008 0370     	 strb r3,[r0]
  64              	.L5:
 151:../Dave/Generated/CLOCK_XMC1/clock_xmc1.c ****     }
 152:../Dave/Generated/CLOCK_XMC1/clock_xmc1.c ****   }
 153:../Dave/Generated/CLOCK_XMC1/clock_xmc1.c ****   return (status);
 154:../Dave/Generated/CLOCK_XMC1/clock_xmc1.c **** }
  65              	 .loc 1 154 0
  66 000a 0020     	 mov r0,#0
  67              	.LVL2:
  68              	 
  69 000c 7047     	 bx lr
  70              	 .cfi_endproc
  71              	.LFE68:
  73              	 .section .text.CLOCK_XMC1_SetMCLKFrequency,"ax",%progbits
  74              	 .align 1
  75              	 .global CLOCK_XMC1_SetMCLKFrequency
  76              	 .code 16
  77              	 .thumb_func
  79              	CLOCK_XMC1_SetMCLKFrequency:
  80              	.LFB69:
 155:../Dave/Generated/CLOCK_XMC1/clock_xmc1.c **** 
 156:../Dave/Generated/CLOCK_XMC1/clock_xmc1.c **** /*  API for ramping up/down the system clock frequency  */
 157:../Dave/Generated/CLOCK_XMC1/clock_xmc1.c **** void CLOCK_XMC1_SetMCLKFrequency(uint32_t freq_khz)
 158:../Dave/Generated/CLOCK_XMC1/clock_xmc1.c **** {
  81              	 .loc 1 158 0
  82              	 .cfi_startproc
  83              	.LVL3:
  84 0000 08B5     	 push {r3,lr}
  85              	.LCFI1:
  86              	 .cfi_def_cfa_offset 8
  87              	 .cfi_offset 3,-8
  88              	 .cfi_offset 14,-4
 159:../Dave/Generated/CLOCK_XMC1/clock_xmc1.c ****   XMC_SCU_CLOCK_SetMCLKFrequency(freq_khz);
  89              	 .loc 1 159 0
  90 0002 FFF7FEFF 	 bl XMC_SCU_CLOCK_SetMCLKFrequency
  91              	.LVL4:
 160:../Dave/Generated/CLOCK_XMC1/clock_xmc1.c **** }
  92              	 .loc 1 160 0
  93              	 
  94 0006 08BD     	 pop {r3,pc}
  95              	 .cfi_endproc
  96              	.LFE69:
  98              	 .text
  99              	.Letext0:
 100              	 .file 2 "c:\\dave_4-4-2_64bit\\dave-ide-4.4.2-64bit\\eclipse\\arm-gcc-49\\arm-none-eabi\\include\\machine\\_default_types.h"
 101              	 .file 3 "c:\\dave_4-4-2_64bit\\dave-ide-4.4.2-64bit\\eclipse\\arm-gcc-49\\arm-none-eabi\\include\\stdint.h"
 102              	 .file 4 "C:/Workspace/DAVE-4.4.2-64Bit/xmc1400-getstarted-optiga-trust-m/Dave/Generated/DAVE_Common.h"
 103              	 .file 5 "../Dave/Generated/CLOCK_XMC1/clock_xmc1.h"
 104              	 .file 6 "C:/Workspace/DAVE-4.4.2-64Bit/xmc1400-getstarted-optiga-trust-m/Libraries/CMSIS/Include/cmsis_gcc.h"
 105              	 .file 7 "C:/Workspace/DAVE-4.4.2-64Bit/xmc1400-getstarted-optiga-trust-m/Libraries/CMSIS/Infineon/XMC1400_series/Include/system_XMC1400.h"
 106              	 .file 8 "C:/Workspace/DAVE-4.4.2-64Bit/xmc1400-getstarted-optiga-trust-m/Libraries/XMCLib/inc/xmc1_scu.h"
DEFINED SYMBOLS
                            *ABS*:00000000 clock_xmc1.c
    {standard input}:18     .text.CLOCK_XMC1_GetAppVersion:00000000 $t
    {standard input}:23     .text.CLOCK_XMC1_GetAppVersion:00000000 CLOCK_XMC1_GetAppVersion
    {standard input}:42     .text.CLOCK_XMC1_GetAppVersion:00000008 $d
    {standard input}:47     .text.CLOCK_XMC1_Init:00000000 $t
    {standard input}:52     .text.CLOCK_XMC1_Init:00000000 CLOCK_XMC1_Init
    {standard input}:74     .text.CLOCK_XMC1_SetMCLKFrequency:00000000 $t
    {standard input}:79     .text.CLOCK_XMC1_SetMCLKFrequency:00000000 CLOCK_XMC1_SetMCLKFrequency
                     .debug_frame:00000010 $d

UNDEFINED SYMBOLS
XMC_SCU_CLOCK_SetMCLKFrequency
