   1              	 .cpu cortex-m0
   2              	 .fpu softvfp
   3              	 .eabi_attribute 20,1
   4              	 .eabi_attribute 21,1
   5              	 .eabi_attribute 23,3
   6              	 .eabi_attribute 24,1
   7              	 .eabi_attribute 25,1
   8              	 .eabi_attribute 26,1
   9              	 .eabi_attribute 30,4
  10              	 .eabi_attribute 34,0
  11              	 .eabi_attribute 18,4
  12              	 .code 16
  13              	 .file "cpu_ctrl_xmc1.c"
  14              	 .text
  15              	.Ltext0:
  16              	 .cfi_sections .debug_frame
  17              	 .section .text.CPU_CTRL_XMC1_GetAppVersion,"ax",%progbits
  18              	 .align 1
  19              	 .global CPU_CTRL_XMC1_GetAppVersion
  20              	 .code 16
  21              	 .thumb_func
  23              	CPU_CTRL_XMC1_GetAppVersion:
  24              	.LFB47:
  25              	 .file 1 "../Dave/Generated/CPU_CTRL_XMC1/cpu_ctrl_xmc1.c"
   1:../Dave/Generated/CPU_CTRL_XMC1/cpu_ctrl_xmc1.c **** /**
   2:../Dave/Generated/CPU_CTRL_XMC1/cpu_ctrl_xmc1.c ****  * @file cpu_ctrl_xmc1.c
   3:../Dave/Generated/CPU_CTRL_XMC1/cpu_ctrl_xmc1.c ****  * @date 2017-02-22
   4:../Dave/Generated/CPU_CTRL_XMC1/cpu_ctrl_xmc1.c ****  *
   5:../Dave/Generated/CPU_CTRL_XMC1/cpu_ctrl_xmc1.c ****  * NOTE:
   6:../Dave/Generated/CPU_CTRL_XMC1/cpu_ctrl_xmc1.c ****  * This file is generated by DAVE. Any manual modification done to this file will be lost when the 
   7:../Dave/Generated/CPU_CTRL_XMC1/cpu_ctrl_xmc1.c ****  */
   8:../Dave/Generated/CPU_CTRL_XMC1/cpu_ctrl_xmc1.c **** /**
   9:../Dave/Generated/CPU_CTRL_XMC1/cpu_ctrl_xmc1.c ****  * @cond
  10:../Dave/Generated/CPU_CTRL_XMC1/cpu_ctrl_xmc1.c ****  **************************************************************************************************
  11:../Dave/Generated/CPU_CTRL_XMC1/cpu_ctrl_xmc1.c ****  * CPU_CTRL_XMC1 v4.0.10 - Sets the priority grouping for NVIC
  12:../Dave/Generated/CPU_CTRL_XMC1/cpu_ctrl_xmc1.c ****  *
  13:../Dave/Generated/CPU_CTRL_XMC1/cpu_ctrl_xmc1.c ****  * Copyright (c) 2015-2018, Infineon Technologies AG
  14:../Dave/Generated/CPU_CTRL_XMC1/cpu_ctrl_xmc1.c ****  * All rights reserved.
  15:../Dave/Generated/CPU_CTRL_XMC1/cpu_ctrl_xmc1.c ****  *
  16:../Dave/Generated/CPU_CTRL_XMC1/cpu_ctrl_xmc1.c ****  * Redistribution and use in source and binary forms, with or without modification,are permitted pr
  17:../Dave/Generated/CPU_CTRL_XMC1/cpu_ctrl_xmc1.c ****  * following conditions are met:
  18:../Dave/Generated/CPU_CTRL_XMC1/cpu_ctrl_xmc1.c ****  *
  19:../Dave/Generated/CPU_CTRL_XMC1/cpu_ctrl_xmc1.c ****  *   Redistributions of source code must retain the above copyright notice, this list of conditions
  20:../Dave/Generated/CPU_CTRL_XMC1/cpu_ctrl_xmc1.c ****  *   disclaimer.
  21:../Dave/Generated/CPU_CTRL_XMC1/cpu_ctrl_xmc1.c ****  *
  22:../Dave/Generated/CPU_CTRL_XMC1/cpu_ctrl_xmc1.c ****  *   Redistributions in binary form must reproduce the above copyright notice, this list of conditi
  23:../Dave/Generated/CPU_CTRL_XMC1/cpu_ctrl_xmc1.c ****  *   following disclaimer in the documentation and/or other materials provided with the distributio
  24:../Dave/Generated/CPU_CTRL_XMC1/cpu_ctrl_xmc1.c ****  *
  25:../Dave/Generated/CPU_CTRL_XMC1/cpu_ctrl_xmc1.c ****  *   Neither the name of the copyright holders nor the names of its contributors may be used to end
  26:../Dave/Generated/CPU_CTRL_XMC1/cpu_ctrl_xmc1.c ****  *   products derived from this software without specific prior written permission.
  27:../Dave/Generated/CPU_CTRL_XMC1/cpu_ctrl_xmc1.c ****  *
  28:../Dave/Generated/CPU_CTRL_XMC1/cpu_ctrl_xmc1.c ****  * THIS SOFTWARE IS PROVIDED BY THE COPYRIGHT HOLDERS AND CONTRIBUTORS "AS IS" AND ANY EXPRESS OR I
  29:../Dave/Generated/CPU_CTRL_XMC1/cpu_ctrl_xmc1.c ****  * INCLUDING, BUT NOT LIMITED TO, THE IMPLIED WARRANTIES OF MERCHANTABILITY AND FITNESS FOR A PARTI
  30:../Dave/Generated/CPU_CTRL_XMC1/cpu_ctrl_xmc1.c ****  * DISCLAIMED. IN NO EVENT SHALL THE COPYRIGHT HOLDER OR CONTRIBUTORS BE LIABLE  FOR ANY DIRECT, IN
  31:../Dave/Generated/CPU_CTRL_XMC1/cpu_ctrl_xmc1.c ****  * SPECIAL, EXEMPLARY, OR CONSEQUENTIAL DAMAGES (INCLUDING, BUT NOT LIMITED TO, PROCUREMENT OF SUBS
  32:../Dave/Generated/CPU_CTRL_XMC1/cpu_ctrl_xmc1.c ****  * SERVICES; LOSS OF USE, DATA, OR PROFITS; OR BUSINESS INTERRUPTION) HOWEVER CAUSED AND ON ANY THE
  33:../Dave/Generated/CPU_CTRL_XMC1/cpu_ctrl_xmc1.c ****  * WHETHER IN CONTRACT, STRICT LIABILITY,OR TORT (INCLUDING NEGLIGENCE OR OTHERWISE) ARISING IN ANY
  34:../Dave/Generated/CPU_CTRL_XMC1/cpu_ctrl_xmc1.c ****  * USE OF THIS SOFTWARE, EVEN IF ADVISED OF THE POSSIBILITY OF SUCH DAMAGE.
  35:../Dave/Generated/CPU_CTRL_XMC1/cpu_ctrl_xmc1.c ****  *
  36:../Dave/Generated/CPU_CTRL_XMC1/cpu_ctrl_xmc1.c ****  * To improve the quality of the software, users are encouraged to share modifications, enhancement
  37:../Dave/Generated/CPU_CTRL_XMC1/cpu_ctrl_xmc1.c ****  * with Infineon Technologies AG (dave@infineon.com).
  38:../Dave/Generated/CPU_CTRL_XMC1/cpu_ctrl_xmc1.c ****  **************************************************************************************************
  39:../Dave/Generated/CPU_CTRL_XMC1/cpu_ctrl_xmc1.c ****  *
  40:../Dave/Generated/CPU_CTRL_XMC1/cpu_ctrl_xmc1.c ****  * Change History
  41:../Dave/Generated/CPU_CTRL_XMC1/cpu_ctrl_xmc1.c ****  * --------------
  42:../Dave/Generated/CPU_CTRL_XMC1/cpu_ctrl_xmc1.c ****  *
  43:../Dave/Generated/CPU_CTRL_XMC1/cpu_ctrl_xmc1.c ****  * 2015-02-16:
  44:../Dave/Generated/CPU_CTRL_XMC1/cpu_ctrl_xmc1.c ****  *     - Initial version<br>
  45:../Dave/Generated/CPU_CTRL_XMC1/cpu_ctrl_xmc1.c ****  * 2015-08-31:
  46:../Dave/Generated/CPU_CTRL_XMC1/cpu_ctrl_xmc1.c ****  *     - Added hardfault handler
  47:../Dave/Generated/CPU_CTRL_XMC1/cpu_ctrl_xmc1.c ****  * 2017-02-22:
  48:../Dave/Generated/CPU_CTRL_XMC1/cpu_ctrl_xmc1.c ****  *     - Fix compilation warnings
  49:../Dave/Generated/CPU_CTRL_XMC1/cpu_ctrl_xmc1.c ****  *     - Changed hard fault handler to avoid reading from the stack in case an stack overflow cause
  50:../Dave/Generated/CPU_CTRL_XMC1/cpu_ctrl_xmc1.c ****  * @endcond
  51:../Dave/Generated/CPU_CTRL_XMC1/cpu_ctrl_xmc1.c ****  *
  52:../Dave/Generated/CPU_CTRL_XMC1/cpu_ctrl_xmc1.c ****  */
  53:../Dave/Generated/CPU_CTRL_XMC1/cpu_ctrl_xmc1.c **** /**************************************************************************************************
  54:../Dave/Generated/CPU_CTRL_XMC1/cpu_ctrl_xmc1.c ****  * HEADER FILES
  55:../Dave/Generated/CPU_CTRL_XMC1/cpu_ctrl_xmc1.c ****  **************************************************************************************************
  56:../Dave/Generated/CPU_CTRL_XMC1/cpu_ctrl_xmc1.c **** #include "cpu_ctrl_xmc1.h"
  57:../Dave/Generated/CPU_CTRL_XMC1/cpu_ctrl_xmc1.c **** 
  58:../Dave/Generated/CPU_CTRL_XMC1/cpu_ctrl_xmc1.c **** /**************************************************************************************************
  59:../Dave/Generated/CPU_CTRL_XMC1/cpu_ctrl_xmc1.c ****  * MACROS
  60:../Dave/Generated/CPU_CTRL_XMC1/cpu_ctrl_xmc1.c ****  **************************************************************************************************
  61:../Dave/Generated/CPU_CTRL_XMC1/cpu_ctrl_xmc1.c **** 
  62:../Dave/Generated/CPU_CTRL_XMC1/cpu_ctrl_xmc1.c **** /**************************************************************************************************
  63:../Dave/Generated/CPU_CTRL_XMC1/cpu_ctrl_xmc1.c ****  * LOCAL DATA
  64:../Dave/Generated/CPU_CTRL_XMC1/cpu_ctrl_xmc1.c ****  **************************************************************************************************
  65:../Dave/Generated/CPU_CTRL_XMC1/cpu_ctrl_xmc1.c **** 
  66:../Dave/Generated/CPU_CTRL_XMC1/cpu_ctrl_xmc1.c **** /**************************************************************************************************
  67:../Dave/Generated/CPU_CTRL_XMC1/cpu_ctrl_xmc1.c ****  * LOCAL ROUTINES
  68:../Dave/Generated/CPU_CTRL_XMC1/cpu_ctrl_xmc1.c ****  **************************************************************************************************
  69:../Dave/Generated/CPU_CTRL_XMC1/cpu_ctrl_xmc1.c **** 
  70:../Dave/Generated/CPU_CTRL_XMC1/cpu_ctrl_xmc1.c **** /**************************************************************************************************
  71:../Dave/Generated/CPU_CTRL_XMC1/cpu_ctrl_xmc1.c **** * API IMPLEMENTATION
  72:../Dave/Generated/CPU_CTRL_XMC1/cpu_ctrl_xmc1.c **** ***************************************************************************************************
  73:../Dave/Generated/CPU_CTRL_XMC1/cpu_ctrl_xmc1.c **** 
  74:../Dave/Generated/CPU_CTRL_XMC1/cpu_ctrl_xmc1.c **** /*
  75:../Dave/Generated/CPU_CTRL_XMC1/cpu_ctrl_xmc1.c ****  * API to retrieve the version of the CPU_CTRL_XMC1 APP
  76:../Dave/Generated/CPU_CTRL_XMC1/cpu_ctrl_xmc1.c ****  */
  77:../Dave/Generated/CPU_CTRL_XMC1/cpu_ctrl_xmc1.c **** DAVE_APP_VERSION_t CPU_CTRL_XMC1_GetAppVersion(void)
  78:../Dave/Generated/CPU_CTRL_XMC1/cpu_ctrl_xmc1.c **** {
  26              	 .loc 1 78 0
  27              	 .cfi_startproc
  28              	.LVL0:
  79:../Dave/Generated/CPU_CTRL_XMC1/cpu_ctrl_xmc1.c ****   DAVE_APP_VERSION_t version;
  80:../Dave/Generated/CPU_CTRL_XMC1/cpu_ctrl_xmc1.c **** 
  81:../Dave/Generated/CPU_CTRL_XMC1/cpu_ctrl_xmc1.c ****   version.major = CPU_CTRL_XMC1_MAJOR_VERSION;
  82:../Dave/Generated/CPU_CTRL_XMC1/cpu_ctrl_xmc1.c ****   version.minor = CPU_CTRL_XMC1_MINOR_VERSION;
  83:../Dave/Generated/CPU_CTRL_XMC1/cpu_ctrl_xmc1.c ****   version.patch = CPU_CTRL_XMC1_PATCH_VERSION;
  84:../Dave/Generated/CPU_CTRL_XMC1/cpu_ctrl_xmc1.c **** 
  85:../Dave/Generated/CPU_CTRL_XMC1/cpu_ctrl_xmc1.c ****   return (version);
  86:../Dave/Generated/CPU_CTRL_XMC1/cpu_ctrl_xmc1.c **** }
  29              	 .loc 1 86 0
  30 0000 0148     	 ldr r0,.L2
  78:../Dave/Generated/CPU_CTRL_XMC1/cpu_ctrl_xmc1.c ****   DAVE_APP_VERSION_t version;
  31              	 .loc 1 78 0
  32 0002 82B0     	 sub sp,sp,#8
  33              	.LCFI0:
  34              	 .cfi_def_cfa_offset 8
  35              	 .loc 1 86 0
  36 0004 02B0     	 add sp,sp,#8
  37              	 
  38 0006 7047     	 bx lr
  39              	.L3:
  40              	 .align 2
  41              	.L2:
  42 0008 04000A00 	 .word 655364
  43              	 .cfi_endproc
  44              	.LFE47:
  46              	 .section .text.CPU_CTRL_XMC1_Init,"ax",%progbits
  47              	 .align 1
  48              	 .global CPU_CTRL_XMC1_Init
  49              	 .code 16
  50              	 .thumb_func
  52              	CPU_CTRL_XMC1_Init:
  53              	.LFB48:
  87:../Dave/Generated/CPU_CTRL_XMC1/cpu_ctrl_xmc1.c **** 
  88:../Dave/Generated/CPU_CTRL_XMC1/cpu_ctrl_xmc1.c **** /* Dummy Init API to maintain backward compatibility */
  89:../Dave/Generated/CPU_CTRL_XMC1/cpu_ctrl_xmc1.c **** CPU_CTRL_XMC1_STATUS_t CPU_CTRL_XMC1_Init(CPU_CTRL_XMC1_t *const handler)
  90:../Dave/Generated/CPU_CTRL_XMC1/cpu_ctrl_xmc1.c **** {
  54              	 .loc 1 90 0
  55              	 .cfi_startproc
  56              	.LVL1:
  91:../Dave/Generated/CPU_CTRL_XMC1/cpu_ctrl_xmc1.c ****   (void)handler;
  92:../Dave/Generated/CPU_CTRL_XMC1/cpu_ctrl_xmc1.c ****   return CPU_CTRL_XMC1_STATUS_SUCCESS;
  93:../Dave/Generated/CPU_CTRL_XMC1/cpu_ctrl_xmc1.c **** }
  57              	 .loc 1 93 0
  58 0000 0020     	 mov r0,#0
  59              	.LVL2:
  60              	 
  61 0002 7047     	 bx lr
  62              	 .cfi_endproc
  63              	.LFE48:
  65              	 .text
  66              	.Letext0:
  67              	 .file 2 "c:\\dave_4-4-2_64bit\\dave-ide-4.4.2-64bit\\eclipse\\arm-gcc-49\\arm-none-eabi\\include\\machine\\_default_types.h"
  68              	 .file 3 "c:\\dave_4-4-2_64bit\\dave-ide-4.4.2-64bit\\eclipse\\arm-gcc-49\\arm-none-eabi\\include\\stdint.h"
  69              	 .file 4 "C:/Workspace/DAVE-4.4.2-64Bit/xmc1400-getstarted-optiga-trust-m/Dave/Generated/DAVE_Common.h"
  70              	 .file 5 "../Dave/Generated/CPU_CTRL_XMC1/cpu_ctrl_xmc1.h"
  71              	 .file 6 "C:/Workspace/DAVE-4.4.2-64Bit/xmc1400-getstarted-optiga-trust-m/Libraries/CMSIS/Include/cmsis_gcc.h"
DEFINED SYMBOLS
                            *ABS*:00000000 cpu_ctrl_xmc1.c
    {standard input}:18     .text.CPU_CTRL_XMC1_GetAppVersion:00000000 $t
    {standard input}:23     .text.CPU_CTRL_XMC1_GetAppVersion:00000000 CPU_CTRL_XMC1_GetAppVersion
    {standard input}:42     .text.CPU_CTRL_XMC1_GetAppVersion:00000008 $d
    {standard input}:47     .text.CPU_CTRL_XMC1_Init:00000000 $t
    {standard input}:52     .text.CPU_CTRL_XMC1_Init:00000000 CPU_CTRL_XMC1_Init
                     .debug_frame:00000010 $d

NO UNDEFINED SYMBOLS
