   1              	 .cpu cortex-m0
   2              	 .fpu softvfp
   3              	 .eabi_attribute 20,1
   4              	 .eabi_attribute 21,1
   5              	 .eabi_attribute 23,3
   6              	 .eabi_attribute 24,1
   7              	 .eabi_attribute 25,1
   8              	 .eabi_attribute 26,1
   9              	 .eabi_attribute 30,4
  10              	 .eabi_attribute 34,0
  11              	 .eabi_attribute 18,4
  12              	 .code 16
  13              	 .file "global_ccu4_conf.c"
  14              	 .text
  15              	.Ltext0:
  16              	 .cfi_sections .debug_frame
  17              	 .global GLOBAL_CCU4_0
  18              	 .section .data.GLOBAL_CCU4_0,"aw",%progbits
  19              	 .align 2
  22              	GLOBAL_CCU4_0:
  23 0000 00D8B805 	 .word 96000000
  24 0004 0100     	 .short 1
  25 0006 0000     	 .space 2
  26 0008 00000448 	 .word 1208221696
  27 000c 00       	 .byte 0
  28 000d 00       	 .byte 0
  29 000e 0000     	 .space 2
  30              	 .text
  31              	.Letext0:
  32              	 .file 1 "c:\\dave_4-4-2_64bit\\dave-ide-4.4.2-64bit\\eclipse\\arm-gcc-49\\arm-none-eabi\\include\\machine\\_default_types.h"
  33              	 .file 2 "c:\\dave_4-4-2_64bit\\dave-ide-4.4.2-64bit\\eclipse\\arm-gcc-49\\arm-none-eabi\\include\\stdint.h"
  34              	 .file 3 "C:/Workspace/DAVE-4.4.2-64Bit/xmc1400-getstarted-optiga-trust-m/Libraries/CMSIS/Infineon/XMC1400_series/Include/XMC1400.h"
  35              	 .file 4 "C:/Workspace/DAVE-4.4.2-64Bit/xmc1400-getstarted-optiga-trust-m/Libraries/XMCLib/inc/xmc_ccu4.h"
  36              	 .file 5 "C:/Workspace/DAVE-4.4.2-64Bit/xmc1400-getstarted-optiga-trust-m/Libraries/XMCLib/inc/xmc1_scu.h"
  37              	 .file 6 "../Dave/Generated/GLOBAL_CCU4/global_ccu4.h"
  38              	 .file 7 "C:/Workspace/DAVE-4.4.2-64Bit/xmc1400-getstarted-optiga-trust-m/Libraries/CMSIS/Include/cmsis_gcc.h"
  39              	 .file 8 "C:/Workspace/DAVE-4.4.2-64Bit/xmc1400-getstarted-optiga-trust-m/Libraries/CMSIS/Infineon/XMC1400_series/Include/system_XMC1400.h"
  40              	 .file 9 "../Dave/Generated/GLOBAL_CCU4/global_ccu4_conf.c"
DEFINED SYMBOLS
                            *ABS*:00000000 global_ccu4_conf.c
    {standard input}:22     .data.GLOBAL_CCU4_0:00000000 GLOBAL_CCU4_0
    {standard input}:19     .data.GLOBAL_CCU4_0:00000000 $d

NO UNDEFINED SYMBOLS
