   1              	 .cpu cortex-m0
   2              	 .fpu softvfp
   3              	 .eabi_attribute 20,1
   4              	 .eabi_attribute 21,1
   5              	 .eabi_attribute 23,3
   6              	 .eabi_attribute 24,1
   7              	 .eabi_attribute 25,1
   8              	 .eabi_attribute 26,1
   9              	 .eabi_attribute 30,4
  10              	 .eabi_attribute 34,0
  11              	 .eabi_attribute 18,4
  12              	 .code 16
  13              	 .file "digital_io.c"
  14              	 .text
  15              	.Ltext0:
  16              	 .cfi_sections .debug_frame
  17              	 .section .text.DIGITAL_IO_GetAppVersion,"ax",%progbits
  18              	 .align 1
  19              	 .global DIGITAL_IO_GetAppVersion
  20              	 .code 16
  21              	 .thumb_func
  23              	DIGITAL_IO_GetAppVersion:
  24              	.LFB61:
  25              	 .file 1 "../Dave/Generated/DIGITAL_IO/digital_io.c"
   1:../Dave/Generated/DIGITAL_IO/digital_io.c **** /**
   2:../Dave/Generated/DIGITAL_IO/digital_io.c ****  * @file digital_io.c
   3:../Dave/Generated/DIGITAL_IO/digital_io.c ****  * @date 2016-07-08
   4:../Dave/Generated/DIGITAL_IO/digital_io.c ****  *
   5:../Dave/Generated/DIGITAL_IO/digital_io.c ****  * NOTE:
   6:../Dave/Generated/DIGITAL_IO/digital_io.c ****  * This file is generated by DAVE. Any manual modification done to this file will be lost when the 
   7:../Dave/Generated/DIGITAL_IO/digital_io.c ****  *
   8:../Dave/Generated/DIGITAL_IO/digital_io.c ****  * @cond
   9:../Dave/Generated/DIGITAL_IO/digital_io.c ****  **************************************************************************************************
  10:../Dave/Generated/DIGITAL_IO/digital_io.c ****  * DIGITAL_IO v4.0.16 - The DIGITAL_IO APP is used to configure a port pin as digital Input/Output.
  11:../Dave/Generated/DIGITAL_IO/digital_io.c ****  *
  12:../Dave/Generated/DIGITAL_IO/digital_io.c ****  * Copyright (c) 2015-2016, Infineon Technologies AG
  13:../Dave/Generated/DIGITAL_IO/digital_io.c ****  * All rights reserved.
  14:../Dave/Generated/DIGITAL_IO/digital_io.c ****  *
  15:../Dave/Generated/DIGITAL_IO/digital_io.c ****  * Redistribution and use in source and binary forms, with or without modification,are permitted pr
  16:../Dave/Generated/DIGITAL_IO/digital_io.c ****  * following conditions are met:
  17:../Dave/Generated/DIGITAL_IO/digital_io.c ****  *
  18:../Dave/Generated/DIGITAL_IO/digital_io.c ****  *   Redistributions of source code must retain the above copyright notice, this list of conditions
  19:../Dave/Generated/DIGITAL_IO/digital_io.c ****  *   disclaimer.
  20:../Dave/Generated/DIGITAL_IO/digital_io.c ****  *
  21:../Dave/Generated/DIGITAL_IO/digital_io.c ****  *   Redistributions in binary form must reproduce the above copyright notice, this list of conditi
  22:../Dave/Generated/DIGITAL_IO/digital_io.c ****  *   following disclaimer in the documentation and/or other materials provided with the distributio
  23:../Dave/Generated/DIGITAL_IO/digital_io.c ****  *
  24:../Dave/Generated/DIGITAL_IO/digital_io.c ****  *   Neither the name of the copyright holders nor the names of its contributors may be used to end
  25:../Dave/Generated/DIGITAL_IO/digital_io.c ****  *   products derived from this software without specific prior written permission.
  26:../Dave/Generated/DIGITAL_IO/digital_io.c ****  *
  27:../Dave/Generated/DIGITAL_IO/digital_io.c ****  * THIS SOFTWARE IS PROVIDED BY THE COPYRIGHT HOLDERS AND CONTRIBUTORS "AS IS" AND ANY EXPRESS OR I
  28:../Dave/Generated/DIGITAL_IO/digital_io.c ****  * INCLUDING, BUT NOT LIMITED TO, THE IMPLIED WARRANTIES OF MERCHANTABILITY AND FITNESS FOR A PARTI
  29:../Dave/Generated/DIGITAL_IO/digital_io.c ****  * DISCLAIMED. IN NO EVENT SHALL THE COPYRIGHT HOLDER OR CONTRIBUTORS BE LIABLE  FOR ANY DIRECT, IN
  30:../Dave/Generated/DIGITAL_IO/digital_io.c ****  * SPECIAL, EXEMPLARY, OR CONSEQUENTIAL DAMAGES (INCLUDING, BUT NOT LIMITED TO, PROCUREMENT OF SUBS
  31:../Dave/Generated/DIGITAL_IO/digital_io.c ****  * SERVICES; LOSS OF USE, DATA, OR PROFITS; OR BUSINESS INTERRUPTION) HOWEVER CAUSED AND ON ANY THE
  32:../Dave/Generated/DIGITAL_IO/digital_io.c ****  * WHETHER IN CONTRACT, STRICT LIABILITY,OR TORT (INCLUDING NEGLIGENCE OR OTHERWISE) ARISING IN ANY
  33:../Dave/Generated/DIGITAL_IO/digital_io.c ****  * USE OF THIS SOFTWARE, EVEN IF ADVISED OF THE POSSIBILITY OF SUCH DAMAGE.
  34:../Dave/Generated/DIGITAL_IO/digital_io.c ****  *
  35:../Dave/Generated/DIGITAL_IO/digital_io.c ****  * To improve the quality of the software, users are encouraged to share modifications, enhancement
  36:../Dave/Generated/DIGITAL_IO/digital_io.c ****  * with Infineon Technologies AG (dave@infineon.com).
  37:../Dave/Generated/DIGITAL_IO/digital_io.c ****  **************************************************************************************************
  38:../Dave/Generated/DIGITAL_IO/digital_io.c ****  *
  39:../Dave/Generated/DIGITAL_IO/digital_io.c ****  * Change History
  40:../Dave/Generated/DIGITAL_IO/digital_io.c ****  * --------------
  41:../Dave/Generated/DIGITAL_IO/digital_io.c ****  *
  42:../Dave/Generated/DIGITAL_IO/digital_io.c ****  * 2015-02-16
  43:../Dave/Generated/DIGITAL_IO/digital_io.c ****  *     - Initial version<br>
  44:../Dave/Generated/DIGITAL_IO/digital_io.c ****  * 2015-12-22
  45:../Dave/Generated/DIGITAL_IO/digital_io.c ****  *     - Added hardware controlled IO feature.
  46:../Dave/Generated/DIGITAL_IO/digital_io.c ****  * 2016-07-08:
  47:../Dave/Generated/DIGITAL_IO/digital_io.c ****  *     - Fixed incorrect case for an included header.<br>
  48:../Dave/Generated/DIGITAL_IO/digital_io.c ****  *
  49:../Dave/Generated/DIGITAL_IO/digital_io.c ****  * @endcond
  50:../Dave/Generated/DIGITAL_IO/digital_io.c ****  *
  51:../Dave/Generated/DIGITAL_IO/digital_io.c ****  */
  52:../Dave/Generated/DIGITAL_IO/digital_io.c **** 
  53:../Dave/Generated/DIGITAL_IO/digital_io.c **** /**************************************************************************************************
  54:../Dave/Generated/DIGITAL_IO/digital_io.c ****  * HEADER FILES
  55:../Dave/Generated/DIGITAL_IO/digital_io.c ****  **************************************************************************************************
  56:../Dave/Generated/DIGITAL_IO/digital_io.c **** #include "digital_io.h"
  57:../Dave/Generated/DIGITAL_IO/digital_io.c **** 
  58:../Dave/Generated/DIGITAL_IO/digital_io.c **** /**************************************************************************************************
  59:../Dave/Generated/DIGITAL_IO/digital_io.c ****  * MACROS
  60:../Dave/Generated/DIGITAL_IO/digital_io.c ****  **************************************************************************************************
  61:../Dave/Generated/DIGITAL_IO/digital_io.c **** 
  62:../Dave/Generated/DIGITAL_IO/digital_io.c **** /**************************************************************************************************
  63:../Dave/Generated/DIGITAL_IO/digital_io.c ****  * LOCAL DATA
  64:../Dave/Generated/DIGITAL_IO/digital_io.c ****  **************************************************************************************************
  65:../Dave/Generated/DIGITAL_IO/digital_io.c **** 
  66:../Dave/Generated/DIGITAL_IO/digital_io.c **** /**************************************************************************************************
  67:../Dave/Generated/DIGITAL_IO/digital_io.c ****  * LOCAL ROUTINES
  68:../Dave/Generated/DIGITAL_IO/digital_io.c ****  **************************************************************************************************
  69:../Dave/Generated/DIGITAL_IO/digital_io.c **** 
  70:../Dave/Generated/DIGITAL_IO/digital_io.c ****  /*************************************************************************************************
  71:../Dave/Generated/DIGITAL_IO/digital_io.c ****  * API IMPLEMENTATION
  72:../Dave/Generated/DIGITAL_IO/digital_io.c ****  **************************************************************************************************
  73:../Dave/Generated/DIGITAL_IO/digital_io.c **** 
  74:../Dave/Generated/DIGITAL_IO/digital_io.c **** /**
  75:../Dave/Generated/DIGITAL_IO/digital_io.c **** * @brief Get DIGITAL_IO APP version
  76:../Dave/Generated/DIGITAL_IO/digital_io.c **** * @return DAVE_APP_VERSION_t APP version information (major, minor and patch number)
  77:../Dave/Generated/DIGITAL_IO/digital_io.c **** */
  78:../Dave/Generated/DIGITAL_IO/digital_io.c **** 
  79:../Dave/Generated/DIGITAL_IO/digital_io.c **** DAVE_APP_VERSION_t DIGITAL_IO_GetAppVersion(void)
  80:../Dave/Generated/DIGITAL_IO/digital_io.c **** {
  26              	 .loc 1 80 0
  27              	 .cfi_startproc
  28              	.LVL0:
  81:../Dave/Generated/DIGITAL_IO/digital_io.c ****   DAVE_APP_VERSION_t version;
  82:../Dave/Generated/DIGITAL_IO/digital_io.c **** 
  83:../Dave/Generated/DIGITAL_IO/digital_io.c ****   version.major = (uint8_t)DIGITAL_IO_MAJOR_VERSION;
  84:../Dave/Generated/DIGITAL_IO/digital_io.c ****   version.minor = (uint8_t)DIGITAL_IO_MINOR_VERSION;
  85:../Dave/Generated/DIGITAL_IO/digital_io.c ****   version.patch = (uint8_t)DIGITAL_IO_PATCH_VERSION;
  86:../Dave/Generated/DIGITAL_IO/digital_io.c **** 
  87:../Dave/Generated/DIGITAL_IO/digital_io.c ****   return (version);
  88:../Dave/Generated/DIGITAL_IO/digital_io.c **** }
  29              	 .loc 1 88 0
  30 0000 0148     	 ldr r0,.L2
  80:../Dave/Generated/DIGITAL_IO/digital_io.c ****   DAVE_APP_VERSION_t version;
  31              	 .loc 1 80 0
  32 0002 82B0     	 sub sp,sp,#8
  33              	.LCFI0:
  34              	 .cfi_def_cfa_offset 8
  35              	 .loc 1 88 0
  36 0004 02B0     	 add sp,sp,#8
  37              	 
  38 0006 7047     	 bx lr
  39              	.L3:
  40              	 .align 2
  41              	.L2:
  42 0008 04001000 	 .word 1048580
  43              	 .cfi_endproc
  44              	.LFE61:
  46              	 .section .text.DIGITAL_IO_Init,"ax",%progbits
  47              	 .align 1
  48              	 .global DIGITAL_IO_Init
  49              	 .code 16
  50              	 .thumb_func
  52              	DIGITAL_IO_Init:
  53              	.LFB62:
  89:../Dave/Generated/DIGITAL_IO/digital_io.c **** 
  90:../Dave/Generated/DIGITAL_IO/digital_io.c **** 
  91:../Dave/Generated/DIGITAL_IO/digital_io.c **** /**
  92:../Dave/Generated/DIGITAL_IO/digital_io.c **** * @brief Function to initialize the port pin as per UI settings.
  93:../Dave/Generated/DIGITAL_IO/digital_io.c **** * @param handler Pointer pointing to APP data structure.
  94:../Dave/Generated/DIGITAL_IO/digital_io.c **** * @return DIGITAL_IO_STATUS_t DIGITAL_IO APP status.
  95:../Dave/Generated/DIGITAL_IO/digital_io.c **** */
  96:../Dave/Generated/DIGITAL_IO/digital_io.c **** 
  97:../Dave/Generated/DIGITAL_IO/digital_io.c **** DIGITAL_IO_STATUS_t DIGITAL_IO_Init(const DIGITAL_IO_t *const handler)
  98:../Dave/Generated/DIGITAL_IO/digital_io.c **** {
  54              	 .loc 1 98 0
  55              	 .cfi_startproc
  56              	.LVL1:
  57 0000 10B5     	 push {r4,lr}
  58              	.LCFI1:
  59              	 .cfi_def_cfa_offset 8
  60              	 .cfi_offset 4,-8
  61              	 .cfi_offset 14,-4
  62              	 .loc 1 98 0
  63 0002 041C     	 mov r4,r0
  99:../Dave/Generated/DIGITAL_IO/digital_io.c ****   XMC_ASSERT("DIGITAL_IO_Init: handler null pointer", handler != NULL);
 100:../Dave/Generated/DIGITAL_IO/digital_io.c **** 
 101:../Dave/Generated/DIGITAL_IO/digital_io.c ****   /* Initializes input / output characteristics */
 102:../Dave/Generated/DIGITAL_IO/digital_io.c ****   XMC_GPIO_Init(handler->gpio_port, handler->gpio_pin, &handler->gpio_config);
  64              	 .loc 1 102 0
  65 0004 017B     	 ldrb r1,[r0,#12]
  66 0006 021D     	 add r2,r0,#4
  67 0008 0068     	 ldr r0,[r0]
  68              	.LVL2:
  69 000a FFF7FEFF 	 bl XMC_GPIO_Init
  70              	.LVL3:
 103:../Dave/Generated/DIGITAL_IO/digital_io.c **** 
 104:../Dave/Generated/DIGITAL_IO/digital_io.c ****   /*Configure hardware port control*/
 105:../Dave/Generated/DIGITAL_IO/digital_io.c ****   XMC_GPIO_SetHardwareControl(handler->gpio_port, handler->gpio_pin, handler->hwctrl);
  71              	 .loc 1 105 0
  72 000e 2068     	 ldr r0,[r4]
  73 0010 217B     	 ldrb r1,[r4,#12]
  74 0012 627B     	 ldrb r2,[r4,#13]
  75 0014 FFF7FEFF 	 bl XMC_GPIO_SetHardwareControl
  76              	.LVL4:
 106:../Dave/Generated/DIGITAL_IO/digital_io.c **** 
 107:../Dave/Generated/DIGITAL_IO/digital_io.c ****   return (DIGITAL_IO_STATUS_OK);
 108:../Dave/Generated/DIGITAL_IO/digital_io.c **** }
  77              	 .loc 1 108 0
  78              	 
  79 0018 0020     	 mov r0,#0
  80              	.LVL5:
  81 001a 10BD     	 pop {r4,pc}
  82              	 .cfi_endproc
  83              	.LFE62:
  85              	 .text
  86              	.Letext0:
  87              	 .file 2 "c:\\dave_4-4-2_64bit\\dave-ide-4.4.2-64bit\\eclipse\\arm-gcc-49\\arm-none-eabi\\include\\machine\\_default_types.h"
  88              	 .file 3 "c:\\dave_4-4-2_64bit\\dave-ide-4.4.2-64bit\\eclipse\\arm-gcc-49\\arm-none-eabi\\include\\stdint.h"
  89              	 .file 4 "C:/Workspace/DAVE-4.4.2-64Bit/xmc1400-getstarted-optiga-trust-m/Libraries/XMCLib/inc/xmc_gpio.h"
  90              	 .file 5 "C:/Workspace/DAVE-4.4.2-64Bit/xmc1400-getstarted-optiga-trust-m/Libraries/XMCLib/inc/xmc1_gpio.h"
  91              	 .file 6 "C:/Workspace/DAVE-4.4.2-64Bit/xmc1400-getstarted-optiga-trust-m/Dave/Generated/DAVE_Common.h"
  92              	 .file 7 "../Dave/Generated/DIGITAL_IO/digital_io.h"
  93              	 .file 8 "C:/Workspace/DAVE-4.4.2-64Bit/xmc1400-getstarted-optiga-trust-m/Libraries/CMSIS/Include/cmsis_gcc.h"
DEFINED SYMBOLS
                            *ABS*:00000000 digital_io.c
    {standard input}:18     .text.DIGITAL_IO_GetAppVersion:00000000 $t
    {standard input}:23     .text.DIGITAL_IO_GetAppVersion:00000000 DIGITAL_IO_GetAppVersion
    {standard input}:42     .text.DIGITAL_IO_GetAppVersion:00000008 $d
    {standard input}:47     .text.DIGITAL_IO_Init:00000000 $t
    {standard input}:52     .text.DIGITAL_IO_Init:00000000 DIGITAL_IO_Init
                     .debug_frame:00000010 $d

UNDEFINED SYMBOLS
XMC_GPIO_Init
XMC_GPIO_SetHardwareControl
