   1              	 .cpu cortex-m0
   2              	 .fpu softvfp
   3              	 .eabi_attribute 20,1
   4              	 .eabi_attribute 21,1
   5              	 .eabi_attribute 23,3
   6              	 .eabi_attribute 24,1
   7              	 .eabi_attribute 25,1
   8              	 .eabi_attribute 26,1
   9              	 .eabi_attribute 30,4
  10              	 .eabi_attribute 34,0
  11              	 .eabi_attribute 18,4
  12              	 .code 16
  13              	 .file "pal_os_timer.c"
  14              	 .text
  15              	.Ltext0:
  16              	 .cfi_sections .debug_frame
  17              	 .section .text.SysTick_Handler,"ax",%progbits
  18              	 .align 1
  19              	 .global SysTick_Handler
  20              	 .code 16
  21              	 .thumb_func
  23              	SysTick_Handler:
  24              	.LFB276:
  25              	 .file 1 "//MAC/Home/Downloads/getstarted-optiga-trust-m/optiga-trust-m-1/pal/xmc1400_xtreme/pal_os_timer.c"
   1://MAC/Home/Downloads/getstarted-optiga-trust-m/optiga-trust-m-1/pal/xmc1400_xtreme/pal_os_timer.c **** /**
   2://MAC/Home/Downloads/getstarted-optiga-trust-m/optiga-trust-m-1/pal/xmc1400_xtreme/pal_os_timer.c **** * \copyright
   3://MAC/Home/Downloads/getstarted-optiga-trust-m/optiga-trust-m-1/pal/xmc1400_xtreme/pal_os_timer.c **** * MIT License
   4://MAC/Home/Downloads/getstarted-optiga-trust-m/optiga-trust-m-1/pal/xmc1400_xtreme/pal_os_timer.c **** *
   5://MAC/Home/Downloads/getstarted-optiga-trust-m/optiga-trust-m-1/pal/xmc1400_xtreme/pal_os_timer.c **** * Copyright (c) 2019 Infineon Technologies AG
   6://MAC/Home/Downloads/getstarted-optiga-trust-m/optiga-trust-m-1/pal/xmc1400_xtreme/pal_os_timer.c **** *
   7://MAC/Home/Downloads/getstarted-optiga-trust-m/optiga-trust-m-1/pal/xmc1400_xtreme/pal_os_timer.c **** * Permission is hereby granted, free of charge, to any person obtaining a copy
   8://MAC/Home/Downloads/getstarted-optiga-trust-m/optiga-trust-m-1/pal/xmc1400_xtreme/pal_os_timer.c **** * of this software and associated documentation files (the "Software"), to deal
   9://MAC/Home/Downloads/getstarted-optiga-trust-m/optiga-trust-m-1/pal/xmc1400_xtreme/pal_os_timer.c **** * in the Software without restriction, including without limitation the rights
  10://MAC/Home/Downloads/getstarted-optiga-trust-m/optiga-trust-m-1/pal/xmc1400_xtreme/pal_os_timer.c **** * to use, copy, modify, merge, publish, distribute, sublicense, and/or sell
  11://MAC/Home/Downloads/getstarted-optiga-trust-m/optiga-trust-m-1/pal/xmc1400_xtreme/pal_os_timer.c **** * copies of the Software, and to permit persons to whom the Software is
  12://MAC/Home/Downloads/getstarted-optiga-trust-m/optiga-trust-m-1/pal/xmc1400_xtreme/pal_os_timer.c **** * furnished to do so, subject to the following conditions:
  13://MAC/Home/Downloads/getstarted-optiga-trust-m/optiga-trust-m-1/pal/xmc1400_xtreme/pal_os_timer.c **** *
  14://MAC/Home/Downloads/getstarted-optiga-trust-m/optiga-trust-m-1/pal/xmc1400_xtreme/pal_os_timer.c **** * The above copyright notice and this permission notice shall be included in all
  15://MAC/Home/Downloads/getstarted-optiga-trust-m/optiga-trust-m-1/pal/xmc1400_xtreme/pal_os_timer.c **** * copies or substantial portions of the Software.
  16://MAC/Home/Downloads/getstarted-optiga-trust-m/optiga-trust-m-1/pal/xmc1400_xtreme/pal_os_timer.c **** *
  17://MAC/Home/Downloads/getstarted-optiga-trust-m/optiga-trust-m-1/pal/xmc1400_xtreme/pal_os_timer.c **** * THE SOFTWARE IS PROVIDED "AS IS", WITHOUT WARRANTY OF ANY KIND, EXPRESS OR
  18://MAC/Home/Downloads/getstarted-optiga-trust-m/optiga-trust-m-1/pal/xmc1400_xtreme/pal_os_timer.c **** * IMPLIED, INCLUDING BUT NOT LIMITED TO THE WARRANTIES OF MERCHANTABILITY,
  19://MAC/Home/Downloads/getstarted-optiga-trust-m/optiga-trust-m-1/pal/xmc1400_xtreme/pal_os_timer.c **** * FITNESS FOR A PARTICULAR PURPOSE AND NONINFRINGEMENT. IN NO EVENT SHALL THE
  20://MAC/Home/Downloads/getstarted-optiga-trust-m/optiga-trust-m-1/pal/xmc1400_xtreme/pal_os_timer.c **** * AUTHORS OR COPYRIGHT HOLDERS BE LIABLE FOR ANY CLAIM, DAMAGES OR OTHER
  21://MAC/Home/Downloads/getstarted-optiga-trust-m/optiga-trust-m-1/pal/xmc1400_xtreme/pal_os_timer.c **** * LIABILITY, WHETHER IN AN ACTION OF CONTRACT, TORT OR OTHERWISE, ARISING FROM,
  22://MAC/Home/Downloads/getstarted-optiga-trust-m/optiga-trust-m-1/pal/xmc1400_xtreme/pal_os_timer.c **** * OUT OF OR IN CONNECTION WITH THE SOFTWARE OR THE USE OR OTHER DEALINGS IN THE
  23://MAC/Home/Downloads/getstarted-optiga-trust-m/optiga-trust-m-1/pal/xmc1400_xtreme/pal_os_timer.c **** * SOFTWARE
  24://MAC/Home/Downloads/getstarted-optiga-trust-m/optiga-trust-m-1/pal/xmc1400_xtreme/pal_os_timer.c **** *
  25://MAC/Home/Downloads/getstarted-optiga-trust-m/optiga-trust-m-1/pal/xmc1400_xtreme/pal_os_timer.c **** * \endcopyright
  26://MAC/Home/Downloads/getstarted-optiga-trust-m/optiga-trust-m-1/pal/xmc1400_xtreme/pal_os_timer.c **** *
  27://MAC/Home/Downloads/getstarted-optiga-trust-m/optiga-trust-m-1/pal/xmc1400_xtreme/pal_os_timer.c **** * \author Infineon Technologies AG
  28://MAC/Home/Downloads/getstarted-optiga-trust-m/optiga-trust-m-1/pal/xmc1400_xtreme/pal_os_timer.c **** *
  29://MAC/Home/Downloads/getstarted-optiga-trust-m/optiga-trust-m-1/pal/xmc1400_xtreme/pal_os_timer.c **** * \file pal_os_timer.c
  30://MAC/Home/Downloads/getstarted-optiga-trust-m/optiga-trust-m-1/pal/xmc1400_xtreme/pal_os_timer.c **** *
  31://MAC/Home/Downloads/getstarted-optiga-trust-m/optiga-trust-m-1/pal/xmc1400_xtreme/pal_os_timer.c **** * \brief   This file implements the platform abstraction layer APIs for timer.
  32://MAC/Home/Downloads/getstarted-optiga-trust-m/optiga-trust-m-1/pal/xmc1400_xtreme/pal_os_timer.c **** *
  33://MAC/Home/Downloads/getstarted-optiga-trust-m/optiga-trust-m-1/pal/xmc1400_xtreme/pal_os_timer.c **** * \ingroup  grPAL
  34://MAC/Home/Downloads/getstarted-optiga-trust-m/optiga-trust-m-1/pal/xmc1400_xtreme/pal_os_timer.c **** *
  35://MAC/Home/Downloads/getstarted-optiga-trust-m/optiga-trust-m-1/pal/xmc1400_xtreme/pal_os_timer.c **** * @{
  36://MAC/Home/Downloads/getstarted-optiga-trust-m/optiga-trust-m-1/pal/xmc1400_xtreme/pal_os_timer.c **** */
  37://MAC/Home/Downloads/getstarted-optiga-trust-m/optiga-trust-m-1/pal/xmc1400_xtreme/pal_os_timer.c **** 
  38://MAC/Home/Downloads/getstarted-optiga-trust-m/optiga-trust-m-1/pal/xmc1400_xtreme/pal_os_timer.c **** #include <DAVE.h>
  39://MAC/Home/Downloads/getstarted-optiga-trust-m/optiga-trust-m-1/pal/xmc1400_xtreme/pal_os_timer.c **** #include "optiga/pal/pal_os_timer.h"
  40://MAC/Home/Downloads/getstarted-optiga-trust-m/optiga-trust-m-1/pal/xmc1400_xtreme/pal_os_timer.c **** 
  41://MAC/Home/Downloads/getstarted-optiga-trust-m/optiga-trust-m-1/pal/xmc1400_xtreme/pal_os_timer.c **** /// @cond hidden
  42://MAC/Home/Downloads/getstarted-optiga-trust-m/optiga-trust-m-1/pal/xmc1400_xtreme/pal_os_timer.c **** static volatile uint32_t g_tick_count = 0;
  43://MAC/Home/Downloads/getstarted-optiga-trust-m/optiga-trust-m-1/pal/xmc1400_xtreme/pal_os_timer.c **** 
  44://MAC/Home/Downloads/getstarted-optiga-trust-m/optiga-trust-m-1/pal/xmc1400_xtreme/pal_os_timer.c **** 
  45://MAC/Home/Downloads/getstarted-optiga-trust-m/optiga-trust-m-1/pal/xmc1400_xtreme/pal_os_timer.c **** void SysTick_Handler(void)
  46://MAC/Home/Downloads/getstarted-optiga-trust-m/optiga-trust-m-1/pal/xmc1400_xtreme/pal_os_timer.c **** {
  26              	 .loc 1 46 0
  27              	 .cfi_startproc
  47://MAC/Home/Downloads/getstarted-optiga-trust-m/optiga-trust-m-1/pal/xmc1400_xtreme/pal_os_timer.c **** 
  48://MAC/Home/Downloads/getstarted-optiga-trust-m/optiga-trust-m-1/pal/xmc1400_xtreme/pal_os_timer.c **** }
  28              	 .loc 1 48 0
  29              	 
  30 0000 7047     	 bx lr
  31              	 .cfi_endproc
  32              	.LFE276:
  34              	 .section .text.IRQ0_Handler,"ax",%progbits
  35              	 .align 1
  36              	 .global IRQ0_Handler
  37              	 .code 16
  38              	 .thumb_func
  40              	IRQ0_Handler:
  41              	.LFB277:
  49://MAC/Home/Downloads/getstarted-optiga-trust-m/optiga-trust-m-1/pal/xmc1400_xtreme/pal_os_timer.c **** 
  50://MAC/Home/Downloads/getstarted-optiga-trust-m/optiga-trust-m-1/pal/xmc1400_xtreme/pal_os_timer.c **** void delay_timer_isr(void)
  51://MAC/Home/Downloads/getstarted-optiga-trust-m/optiga-trust-m-1/pal/xmc1400_xtreme/pal_os_timer.c **** {
  42              	 .loc 1 51 0
  43              	 .cfi_startproc
  44 0000 10B5     	 push {r4,lr}
  45              	.LCFI0:
  46              	 .cfi_def_cfa_offset 8
  47              	 .cfi_offset 4,-8
  48              	 .cfi_offset 14,-4
  52://MAC/Home/Downloads/getstarted-optiga-trust-m/optiga-trust-m-1/pal/xmc1400_xtreme/pal_os_timer.c ****     TIMER_ClearEvent(&tick_timer);
  49              	 .loc 1 52 0
  50 0002 064C     	 ldr r4,.L3
  53://MAC/Home/Downloads/getstarted-optiga-trust-m/optiga-trust-m-1/pal/xmc1400_xtreme/pal_os_timer.c ****     (void)TIMER_Clear(&tick_timer);
  54://MAC/Home/Downloads/getstarted-optiga-trust-m/optiga-trust-m-1/pal/xmc1400_xtreme/pal_os_timer.c ****     g_tick_count += 1U;
  55://MAC/Home/Downloads/getstarted-optiga-trust-m/optiga-trust-m-1/pal/xmc1400_xtreme/pal_os_timer.c **** }
  51              	 .loc 1 55 0
  52              	 
  52://MAC/Home/Downloads/getstarted-optiga-trust-m/optiga-trust-m-1/pal/xmc1400_xtreme/pal_os_timer.c ****     TIMER_ClearEvent(&tick_timer);
  53              	 .loc 1 52 0
  54 0004 201C     	 mov r0,r4
  55 0006 FFF7FEFF 	 bl TIMER_ClearEvent
  56              	.LVL0:
  53://MAC/Home/Downloads/getstarted-optiga-trust-m/optiga-trust-m-1/pal/xmc1400_xtreme/pal_os_timer.c ****     (void)TIMER_Clear(&tick_timer);
  57              	 .loc 1 53 0
  58 000a 201C     	 mov r0,r4
  59 000c FFF7FEFF 	 bl TIMER_Clear
  60              	.LVL1:
  54://MAC/Home/Downloads/getstarted-optiga-trust-m/optiga-trust-m-1/pal/xmc1400_xtreme/pal_os_timer.c **** }
  61              	 .loc 1 54 0
  62 0010 034A     	 ldr r2,.L3+4
  63 0012 1368     	 ldr r3,[r2]
  64 0014 0133     	 add r3,r3,#1
  65 0016 1360     	 str r3,[r2]
  66              	 .loc 1 55 0
  67 0018 10BD     	 pop {r4,pc}
  68              	.L4:
  69 001a C046     	 .align 2
  70              	.L3:
  71 001c 00000000 	 .word tick_timer
  72 0020 00000000 	 .word .LANCHOR0
  73              	 .cfi_endproc
  74              	.LFE277:
  76              	 .section .text.pal_os_timer_get_time_in_microseconds,"ax",%progbits
  77              	 .align 1
  78              	 .global pal_os_timer_get_time_in_microseconds
  79              	 .code 16
  80              	 .thumb_func
  82              	pal_os_timer_get_time_in_microseconds:
  83              	.LFB278:
  56://MAC/Home/Downloads/getstarted-optiga-trust-m/optiga-trust-m-1/pal/xmc1400_xtreme/pal_os_timer.c **** 
  57://MAC/Home/Downloads/getstarted-optiga-trust-m/optiga-trust-m-1/pal/xmc1400_xtreme/pal_os_timer.c **** /// @endcond
  58://MAC/Home/Downloads/getstarted-optiga-trust-m/optiga-trust-m-1/pal/xmc1400_xtreme/pal_os_timer.c **** 
  59://MAC/Home/Downloads/getstarted-optiga-trust-m/optiga-trust-m-1/pal/xmc1400_xtreme/pal_os_timer.c **** 
  60://MAC/Home/Downloads/getstarted-optiga-trust-m/optiga-trust-m-1/pal/xmc1400_xtreme/pal_os_timer.c **** uint32_t pal_os_timer_get_time_in_microseconds(void)
  61://MAC/Home/Downloads/getstarted-optiga-trust-m/optiga-trust-m-1/pal/xmc1400_xtreme/pal_os_timer.c **** {
  84              	 .loc 1 61 0
  85              	 .cfi_startproc
  62://MAC/Home/Downloads/getstarted-optiga-trust-m/optiga-trust-m-1/pal/xmc1400_xtreme/pal_os_timer.c ****     // !!!OPTIGA_LIB_PORTING_REQUIRED
  63://MAC/Home/Downloads/getstarted-optiga-trust-m/optiga-trust-m-1/pal/xmc1400_xtreme/pal_os_timer.c ****     // This API is needed to support optiga cmd scheduler. 
  64://MAC/Home/Downloads/getstarted-optiga-trust-m/optiga-trust-m-1/pal/xmc1400_xtreme/pal_os_timer.c ****     static uint32_t count = 0;
  65://MAC/Home/Downloads/getstarted-optiga-trust-m/optiga-trust-m-1/pal/xmc1400_xtreme/pal_os_timer.c ****     // The implementation must ensure that every invocation of this API returns a unique value.
  66://MAC/Home/Downloads/getstarted-optiga-trust-m/optiga-trust-m-1/pal/xmc1400_xtreme/pal_os_timer.c ****     return (count++);
  86              	 .loc 1 66 0
  87 0000 024B     	 ldr r3,.L6
  67://MAC/Home/Downloads/getstarted-optiga-trust-m/optiga-trust-m-1/pal/xmc1400_xtreme/pal_os_timer.c **** }
  88              	 .loc 1 67 0
  89              	 
  66://MAC/Home/Downloads/getstarted-optiga-trust-m/optiga-trust-m-1/pal/xmc1400_xtreme/pal_os_timer.c **** }
  90              	 .loc 1 66 0
  91 0002 1868     	 ldr r0,[r3]
  92 0004 421C     	 add r2,r0,#1
  93 0006 1A60     	 str r2,[r3]
  94              	 .loc 1 67 0
  95 0008 7047     	 bx lr
  96              	.L7:
  97 000a C046     	 .align 2
  98              	.L6:
  99 000c 00000000 	 .word .LANCHOR1
 100              	 .cfi_endproc
 101              	.LFE278:
 103              	 .section .text.pal_os_timer_get_time_in_milliseconds,"ax",%progbits
 104              	 .align 1
 105              	 .global pal_os_timer_get_time_in_milliseconds
 106              	 .code 16
 107              	 .thumb_func
 109              	pal_os_timer_get_time_in_milliseconds:
 110              	.LFB279:
  68://MAC/Home/Downloads/getstarted-optiga-trust-m/optiga-trust-m-1/pal/xmc1400_xtreme/pal_os_timer.c **** 
  69://MAC/Home/Downloads/getstarted-optiga-trust-m/optiga-trust-m-1/pal/xmc1400_xtreme/pal_os_timer.c **** uint32_t pal_os_timer_get_time_in_milliseconds(void)
  70://MAC/Home/Downloads/getstarted-optiga-trust-m/optiga-trust-m-1/pal/xmc1400_xtreme/pal_os_timer.c **** {
 111              	 .loc 1 70 0
 112              	 .cfi_startproc
  71://MAC/Home/Downloads/getstarted-optiga-trust-m/optiga-trust-m-1/pal/xmc1400_xtreme/pal_os_timer.c ****     return (g_tick_count);
 113              	 .loc 1 71 0
 114 0000 014B     	 ldr r3,.L9
  72://MAC/Home/Downloads/getstarted-optiga-trust-m/optiga-trust-m-1/pal/xmc1400_xtreme/pal_os_timer.c **** }
 115              	 .loc 1 72 0
 116              	 
  71://MAC/Home/Downloads/getstarted-optiga-trust-m/optiga-trust-m-1/pal/xmc1400_xtreme/pal_os_timer.c ****     return (g_tick_count);
 117              	 .loc 1 71 0
 118 0002 1868     	 ldr r0,[r3]
 119              	 .loc 1 72 0
 120 0004 7047     	 bx lr
 121              	.L10:
 122 0006 C046     	 .align 2
 123              	.L9:
 124 0008 00000000 	 .word .LANCHOR0
 125              	 .cfi_endproc
 126              	.LFE279:
 128              	 .section .text.pal_os_timer_delay_in_milliseconds,"ax",%progbits
 129              	 .align 1
 130              	 .global pal_os_timer_delay_in_milliseconds
 131              	 .code 16
 132              	 .thumb_func
 134              	pal_os_timer_delay_in_milliseconds:
 135              	.LFB280:
  73://MAC/Home/Downloads/getstarted-optiga-trust-m/optiga-trust-m-1/pal/xmc1400_xtreme/pal_os_timer.c **** 
  74://MAC/Home/Downloads/getstarted-optiga-trust-m/optiga-trust-m-1/pal/xmc1400_xtreme/pal_os_timer.c **** void pal_os_timer_delay_in_milliseconds(uint16_t milliseconds)
  75://MAC/Home/Downloads/getstarted-optiga-trust-m/optiga-trust-m-1/pal/xmc1400_xtreme/pal_os_timer.c **** {
 136              	 .loc 1 75 0
 137              	 .cfi_startproc
 138              	.LVL2:
  76://MAC/Home/Downloads/getstarted-optiga-trust-m/optiga-trust-m-1/pal/xmc1400_xtreme/pal_os_timer.c ****     uint32_t start_time;
  77://MAC/Home/Downloads/getstarted-optiga-trust-m/optiga-trust-m-1/pal/xmc1400_xtreme/pal_os_timer.c ****     uint32_t current_time;
  78://MAC/Home/Downloads/getstarted-optiga-trust-m/optiga-trust-m-1/pal/xmc1400_xtreme/pal_os_timer.c ****     uint32_t time_stamp_diff;
  79://MAC/Home/Downloads/getstarted-optiga-trust-m/optiga-trust-m-1/pal/xmc1400_xtreme/pal_os_timer.c **** 
  80://MAC/Home/Downloads/getstarted-optiga-trust-m/optiga-trust-m-1/pal/xmc1400_xtreme/pal_os_timer.c ****     start_time = pal_os_timer_get_time_in_milliseconds();
  81://MAC/Home/Downloads/getstarted-optiga-trust-m/optiga-trust-m-1/pal/xmc1400_xtreme/pal_os_timer.c ****     current_time = start_time;
  82://MAC/Home/Downloads/getstarted-optiga-trust-m/optiga-trust-m-1/pal/xmc1400_xtreme/pal_os_timer.c ****     time_stamp_diff = current_time - start_time;
 139              	 .loc 1 82 0
 140 0000 0023     	 mov r3,#0
 141              	.LBB6:
 142              	.LBB7:
  71://MAC/Home/Downloads/getstarted-optiga-trust-m/optiga-trust-m-1/pal/xmc1400_xtreme/pal_os_timer.c **** }
 143              	 .loc 1 71 0
 144 0002 044A     	 ldr r2,.L16
 145 0004 1168     	 ldr r1,[r2]
 146              	.LVL3:
 147              	.L12:
 148              	.LBE7:
 149              	.LBE6:
  83://MAC/Home/Downloads/getstarted-optiga-trust-m/optiga-trust-m-1/pal/xmc1400_xtreme/pal_os_timer.c ****     while (time_stamp_diff <= (uint32_t)milliseconds)
 150              	 .loc 1 83 0
 151 0006 8342     	 cmp r3,r0
 152 0008 02D8     	 bhi .L15
 153              	.LBB8:
 154              	.LBB9:
  71://MAC/Home/Downloads/getstarted-optiga-trust-m/optiga-trust-m-1/pal/xmc1400_xtreme/pal_os_timer.c **** }
 155              	 .loc 1 71 0
 156 000a 1368     	 ldr r3,[r2]
 157              	.LVL4:
 158              	.LBE9:
 159              	.LBE8:
  84://MAC/Home/Downloads/getstarted-optiga-trust-m/optiga-trust-m-1/pal/xmc1400_xtreme/pal_os_timer.c ****     {
  85://MAC/Home/Downloads/getstarted-optiga-trust-m/optiga-trust-m-1/pal/xmc1400_xtreme/pal_os_timer.c ****         current_time = pal_os_timer_get_time_in_milliseconds();
  86://MAC/Home/Downloads/getstarted-optiga-trust-m/optiga-trust-m-1/pal/xmc1400_xtreme/pal_os_timer.c ****         time_stamp_diff = current_time - start_time;
 160              	 .loc 1 86 0
 161 000c 5B1A     	 sub r3,r3,r1
 162              	.LVL5:
 163 000e FAE7     	 b .L12
 164              	.LVL6:
 165              	.L15:
  87://MAC/Home/Downloads/getstarted-optiga-trust-m/optiga-trust-m-1/pal/xmc1400_xtreme/pal_os_timer.c ****         if (start_time > current_time)
  88://MAC/Home/Downloads/getstarted-optiga-trust-m/optiga-trust-m-1/pal/xmc1400_xtreme/pal_os_timer.c ****         {
  89://MAC/Home/Downloads/getstarted-optiga-trust-m/optiga-trust-m-1/pal/xmc1400_xtreme/pal_os_timer.c ****             time_stamp_diff = (0xFFFFFFFF + (current_time - start_time)) + 0x01;
  90://MAC/Home/Downloads/getstarted-optiga-trust-m/optiga-trust-m-1/pal/xmc1400_xtreme/pal_os_timer.c ****         }        
  91://MAC/Home/Downloads/getstarted-optiga-trust-m/optiga-trust-m-1/pal/xmc1400_xtreme/pal_os_timer.c ****     }
  92://MAC/Home/Downloads/getstarted-optiga-trust-m/optiga-trust-m-1/pal/xmc1400_xtreme/pal_os_timer.c **** }
 166              	 .loc 1 92 0
 167              	 
 168 0010 7047     	 bx lr
 169              	.L17:
 170 0012 C046     	 .align 2
 171              	.L16:
 172 0014 00000000 	 .word .LANCHOR0
 173              	 .cfi_endproc
 174              	.LFE280:
 176              	 .section .text.pal_timer_init,"ax",%progbits
 177              	 .align 1
 178              	 .global pal_timer_init
 179              	 .code 16
 180              	 .thumb_func
 182              	pal_timer_init:
 183              	.LFB281:
  93://MAC/Home/Downloads/getstarted-optiga-trust-m/optiga-trust-m-1/pal/xmc1400_xtreme/pal_os_timer.c **** 
  94://MAC/Home/Downloads/getstarted-optiga-trust-m/optiga-trust-m-1/pal/xmc1400_xtreme/pal_os_timer.c **** //lint --e{714} suppress "This is implemented for overall completion of API"
  95://MAC/Home/Downloads/getstarted-optiga-trust-m/optiga-trust-m-1/pal/xmc1400_xtreme/pal_os_timer.c **** pal_status_t pal_timer_init(void)
  96://MAC/Home/Downloads/getstarted-optiga-trust-m/optiga-trust-m-1/pal/xmc1400_xtreme/pal_os_timer.c **** {
 184              	 .loc 1 96 0
 185              	 .cfi_startproc
  97://MAC/Home/Downloads/getstarted-optiga-trust-m/optiga-trust-m-1/pal/xmc1400_xtreme/pal_os_timer.c ****     return PAL_STATUS_SUCCESS;
  98://MAC/Home/Downloads/getstarted-optiga-trust-m/optiga-trust-m-1/pal/xmc1400_xtreme/pal_os_timer.c **** }
 186              	 .loc 1 98 0
 187 0000 0020     	 mov r0,#0
 188              	 
 189 0002 7047     	 bx lr
 190              	 .cfi_endproc
 191              	.LFE281:
 193              	 .section .text.pal_timer_deinit,"ax",%progbits
 194              	 .align 1
 195              	 .global pal_timer_deinit
 196              	 .code 16
 197              	 .thumb_func
 199              	pal_timer_deinit:
 200              	.LFB282:
  99://MAC/Home/Downloads/getstarted-optiga-trust-m/optiga-trust-m-1/pal/xmc1400_xtreme/pal_os_timer.c **** 
 100://MAC/Home/Downloads/getstarted-optiga-trust-m/optiga-trust-m-1/pal/xmc1400_xtreme/pal_os_timer.c **** //lint --e{714} suppress "This is implemented for overall completion of API"
 101://MAC/Home/Downloads/getstarted-optiga-trust-m/optiga-trust-m-1/pal/xmc1400_xtreme/pal_os_timer.c **** pal_status_t pal_timer_deinit(void)
 102://MAC/Home/Downloads/getstarted-optiga-trust-m/optiga-trust-m-1/pal/xmc1400_xtreme/pal_os_timer.c **** {
 201              	 .loc 1 102 0
 202              	 .cfi_startproc
 103://MAC/Home/Downloads/getstarted-optiga-trust-m/optiga-trust-m-1/pal/xmc1400_xtreme/pal_os_timer.c ****     return PAL_STATUS_SUCCESS;
 104://MAC/Home/Downloads/getstarted-optiga-trust-m/optiga-trust-m-1/pal/xmc1400_xtreme/pal_os_timer.c **** }
 203              	 .loc 1 104 0
 204 0000 0020     	 mov r0,#0
 205              	 
 206 0002 7047     	 bx lr
 207              	 .cfi_endproc
 208              	.LFE282:
 210              	 .section .bss.g_tick_count,"aw",%nobits
 211              	 .align 2
 212              	 .set .LANCHOR0,.+0
 215              	g_tick_count:
 216 0000 00000000 	 .space 4
 217              	 .section .bss.count.9055,"aw",%nobits
 218              	 .align 2
 219              	 .set .LANCHOR1,.+0
 222              	count.9055:
 223 0000 00000000 	 .space 4
 224              	 .text
 225              	.Letext0:
 226              	 .file 2 "c:\\dave_4-4-2_64bit\\dave-ide-4.4.2-64bit\\eclipse\\arm-gcc-49\\arm-none-eabi\\include\\machine\\_default_types.h"
 227              	 .file 3 "c:\\dave_4-4-2_64bit\\dave-ide-4.4.2-64bit\\eclipse\\arm-gcc-49\\arm-none-eabi\\include\\stdint.h"
 228              	 .file 4 "//MAC/Home/Downloads/getstarted-optiga-trust-m/xmc1400-getstarted-optiga-trust-m/Libraries/CMSIS/Infineon/XMC1400_series/Include/XMC1400.h"
 229              	 .file 5 "//MAC/Home/Downloads/getstarted-optiga-trust-m/xmc1400-getstarted-optiga-trust-m/Libraries/XMCLib/inc/xmc1_scu.h"
 230              	 .file 6 "//MAC/Home/Downloads/getstarted-optiga-trust-m/xmc1400-getstarted-optiga-trust-m/Libraries/XMCLib/inc/xmc_usic.h"
 231              	 .file 7 "//MAC/Home/Downloads/getstarted-optiga-trust-m/xmc1400-getstarted-optiga-trust-m/Libraries/XMCLib/inc/xmc_ccu4.h"
 232              	 .file 8 "//MAC/Home/Downloads/getstarted-optiga-trust-m/xmc1400-getstarted-optiga-trust-m/Dave/Generated/GLOBAL_CCU4/global_ccu4.h"
 233              	 .file 9 "//MAC/Home/Downloads/getstarted-optiga-trust-m/xmc1400-getstarted-optiga-trust-m/Dave/Generated/TIMER/timer.h"
 234              	 .file 10 "//MAC/Home/Downloads/getstarted-optiga-trust-m/optiga-trust-m-1/optiga/include/optiga/pal/pal.h"
 235              	 .file 11 "//MAC/Home/Downloads/getstarted-optiga-trust-m/xmc1400-getstarted-optiga-trust-m/Libraries/CMSIS/Include/cmsis_gcc.h"
 236              	 .file 12 "//MAC/Home/Downloads/getstarted-optiga-trust-m/xmc1400-getstarted-optiga-trust-m/Libraries/CMSIS/Infineon/XMC1400_series/Include/system_XMC1400.h"
 237              	 .file 13 "//MAC/Home/Downloads/getstarted-optiga-trust-m/xmc1400-getstarted-optiga-trust-m/Dave/Generated/TIMER/timer_extern.h"
DEFINED SYMBOLS
                            *ABS*:00000000 pal_os_timer.c
    {standard input}:18     .text.SysTick_Handler:00000000 $t
    {standard input}:23     .text.SysTick_Handler:00000000 SysTick_Handler
    {standard input}:35     .text.IRQ0_Handler:00000000 $t
    {standard input}:40     .text.IRQ0_Handler:00000000 IRQ0_Handler
    {standard input}:71     .text.IRQ0_Handler:0000001c $d
    {standard input}:77     .text.pal_os_timer_get_time_in_microseconds:00000000 $t
    {standard input}:82     .text.pal_os_timer_get_time_in_microseconds:00000000 pal_os_timer_get_time_in_microseconds
    {standard input}:99     .text.pal_os_timer_get_time_in_microseconds:0000000c $d
    {standard input}:104    .text.pal_os_timer_get_time_in_milliseconds:00000000 $t
    {standard input}:109    .text.pal_os_timer_get_time_in_milliseconds:00000000 pal_os_timer_get_time_in_milliseconds
    {standard input}:124    .text.pal_os_timer_get_time_in_milliseconds:00000008 $d
    {standard input}:129    .text.pal_os_timer_delay_in_milliseconds:00000000 $t
    {standard input}:134    .text.pal_os_timer_delay_in_milliseconds:00000000 pal_os_timer_delay_in_milliseconds
    {standard input}:172    .text.pal_os_timer_delay_in_milliseconds:00000014 $d
    {standard input}:177    .text.pal_timer_init:00000000 $t
    {standard input}:182    .text.pal_timer_init:00000000 pal_timer_init
    {standard input}:194    .text.pal_timer_deinit:00000000 $t
    {standard input}:199    .text.pal_timer_deinit:00000000 pal_timer_deinit
    {standard input}:211    .bss.g_tick_count:00000000 $d
    {standard input}:215    .bss.g_tick_count:00000000 g_tick_count
    {standard input}:218    .bss.count.9055:00000000 $d
    {standard input}:222    .bss.count.9055:00000000 count.9055
                     .debug_frame:00000010 $d

UNDEFINED SYMBOLS
TIMER_ClearEvent
TIMER_Clear
tick_timer
