   1              	 .cpu cortex-m0
   2              	 .fpu softvfp
   3              	 .eabi_attribute 20,1
   4              	 .eabi_attribute 21,1
   5              	 .eabi_attribute 23,3
   6              	 .eabi_attribute 24,1
   7              	 .eabi_attribute 25,1
   8              	 .eabi_attribute 26,1
   9              	 .eabi_attribute 30,4
  10              	 .eabi_attribute 34,0
  11              	 .eabi_attribute 18,4
  12              	 .code 16
  13              	 .file "pal_os_timer.c"
  14              	 .text
  15              	.Ltext0:
  16              	 .cfi_sections .debug_frame
  17              	 .section .text.IRQ0_Handler,"ax",%progbits
  18              	 .align 1
  19              	 .global IRQ0_Handler
  20              	 .code 16
  21              	 .thumb_func
  23              	IRQ0_Handler:
  24              	.LFB276:
  25              	 .file 1 "C:/Workspace/DAVE-4.4.2-64Bit/optiga-trust-m/pal/xmc-dave/pal_os_timer.c"
   1:C:/Workspace/DAVE-4.4.2-64Bit/optiga-trust-m/pal/xmc-dave\pal_os_timer.c **** /**
   2:C:/Workspace/DAVE-4.4.2-64Bit/optiga-trust-m/pal/xmc-dave\pal_os_timer.c **** * \copyright
   3:C:/Workspace/DAVE-4.4.2-64Bit/optiga-trust-m/pal/xmc-dave\pal_os_timer.c **** * MIT License
   4:C:/Workspace/DAVE-4.4.2-64Bit/optiga-trust-m/pal/xmc-dave\pal_os_timer.c **** *
   5:C:/Workspace/DAVE-4.4.2-64Bit/optiga-trust-m/pal/xmc-dave\pal_os_timer.c **** * Copyright (c) 2019 Infineon Technologies AG
   6:C:/Workspace/DAVE-4.4.2-64Bit/optiga-trust-m/pal/xmc-dave\pal_os_timer.c **** *
   7:C:/Workspace/DAVE-4.4.2-64Bit/optiga-trust-m/pal/xmc-dave\pal_os_timer.c **** * Permission is hereby granted, free of charge, to any person obtaining a copy
   8:C:/Workspace/DAVE-4.4.2-64Bit/optiga-trust-m/pal/xmc-dave\pal_os_timer.c **** * of this software and associated documentation files (the "Software"), to deal
   9:C:/Workspace/DAVE-4.4.2-64Bit/optiga-trust-m/pal/xmc-dave\pal_os_timer.c **** * in the Software without restriction, including without limitation the rights
  10:C:/Workspace/DAVE-4.4.2-64Bit/optiga-trust-m/pal/xmc-dave\pal_os_timer.c **** * to use, copy, modify, merge, publish, distribute, sublicense, and/or sell
  11:C:/Workspace/DAVE-4.4.2-64Bit/optiga-trust-m/pal/xmc-dave\pal_os_timer.c **** * copies of the Software, and to permit persons to whom the Software is
  12:C:/Workspace/DAVE-4.4.2-64Bit/optiga-trust-m/pal/xmc-dave\pal_os_timer.c **** * furnished to do so, subject to the following conditions:
  13:C:/Workspace/DAVE-4.4.2-64Bit/optiga-trust-m/pal/xmc-dave\pal_os_timer.c **** *
  14:C:/Workspace/DAVE-4.4.2-64Bit/optiga-trust-m/pal/xmc-dave\pal_os_timer.c **** * The above copyright notice and this permission notice shall be included in all
  15:C:/Workspace/DAVE-4.4.2-64Bit/optiga-trust-m/pal/xmc-dave\pal_os_timer.c **** * copies or substantial portions of the Software.
  16:C:/Workspace/DAVE-4.4.2-64Bit/optiga-trust-m/pal/xmc-dave\pal_os_timer.c **** *
  17:C:/Workspace/DAVE-4.4.2-64Bit/optiga-trust-m/pal/xmc-dave\pal_os_timer.c **** * THE SOFTWARE IS PROVIDED "AS IS", WITHOUT WARRANTY OF ANY KIND, EXPRESS OR
  18:C:/Workspace/DAVE-4.4.2-64Bit/optiga-trust-m/pal/xmc-dave\pal_os_timer.c **** * IMPLIED, INCLUDING BUT NOT LIMITED TO THE WARRANTIES OF MERCHANTABILITY,
  19:C:/Workspace/DAVE-4.4.2-64Bit/optiga-trust-m/pal/xmc-dave\pal_os_timer.c **** * FITNESS FOR A PARTICULAR PURPOSE AND NONINFRINGEMENT. IN NO EVENT SHALL THE
  20:C:/Workspace/DAVE-4.4.2-64Bit/optiga-trust-m/pal/xmc-dave\pal_os_timer.c **** * AUTHORS OR COPYRIGHT HOLDERS BE LIABLE FOR ANY CLAIM, DAMAGES OR OTHER
  21:C:/Workspace/DAVE-4.4.2-64Bit/optiga-trust-m/pal/xmc-dave\pal_os_timer.c **** * LIABILITY, WHETHER IN AN ACTION OF CONTRACT, TORT OR OTHERWISE, ARISING FROM,
  22:C:/Workspace/DAVE-4.4.2-64Bit/optiga-trust-m/pal/xmc-dave\pal_os_timer.c **** * OUT OF OR IN CONNECTION WITH THE SOFTWARE OR THE USE OR OTHER DEALINGS IN THE
  23:C:/Workspace/DAVE-4.4.2-64Bit/optiga-trust-m/pal/xmc-dave\pal_os_timer.c **** * SOFTWARE
  24:C:/Workspace/DAVE-4.4.2-64Bit/optiga-trust-m/pal/xmc-dave\pal_os_timer.c **** *
  25:C:/Workspace/DAVE-4.4.2-64Bit/optiga-trust-m/pal/xmc-dave\pal_os_timer.c **** * \endcopyright
  26:C:/Workspace/DAVE-4.4.2-64Bit/optiga-trust-m/pal/xmc-dave\pal_os_timer.c **** *
  27:C:/Workspace/DAVE-4.4.2-64Bit/optiga-trust-m/pal/xmc-dave\pal_os_timer.c **** * \author Infineon Technologies AG
  28:C:/Workspace/DAVE-4.4.2-64Bit/optiga-trust-m/pal/xmc-dave\pal_os_timer.c **** *
  29:C:/Workspace/DAVE-4.4.2-64Bit/optiga-trust-m/pal/xmc-dave\pal_os_timer.c **** * \file pal_os_timer.c
  30:C:/Workspace/DAVE-4.4.2-64Bit/optiga-trust-m/pal/xmc-dave\pal_os_timer.c **** *
  31:C:/Workspace/DAVE-4.4.2-64Bit/optiga-trust-m/pal/xmc-dave\pal_os_timer.c **** * \brief   This file implements the platform abstraction layer APIs for timer.
  32:C:/Workspace/DAVE-4.4.2-64Bit/optiga-trust-m/pal/xmc-dave\pal_os_timer.c **** *
  33:C:/Workspace/DAVE-4.4.2-64Bit/optiga-trust-m/pal/xmc-dave\pal_os_timer.c **** * \ingroup  grPAL
  34:C:/Workspace/DAVE-4.4.2-64Bit/optiga-trust-m/pal/xmc-dave\pal_os_timer.c **** *
  35:C:/Workspace/DAVE-4.4.2-64Bit/optiga-trust-m/pal/xmc-dave\pal_os_timer.c **** * @{
  36:C:/Workspace/DAVE-4.4.2-64Bit/optiga-trust-m/pal/xmc-dave\pal_os_timer.c **** */
  37:C:/Workspace/DAVE-4.4.2-64Bit/optiga-trust-m/pal/xmc-dave\pal_os_timer.c **** 
  38:C:/Workspace/DAVE-4.4.2-64Bit/optiga-trust-m/pal/xmc-dave\pal_os_timer.c **** #include <DAVE.h>
  39:C:/Workspace/DAVE-4.4.2-64Bit/optiga-trust-m/pal/xmc-dave\pal_os_timer.c **** #include "optiga/pal/pal_os_timer.h"
  40:C:/Workspace/DAVE-4.4.2-64Bit/optiga-trust-m/pal/xmc-dave\pal_os_timer.c **** 
  41:C:/Workspace/DAVE-4.4.2-64Bit/optiga-trust-m/pal/xmc-dave\pal_os_timer.c **** /// @cond hidden
  42:C:/Workspace/DAVE-4.4.2-64Bit/optiga-trust-m/pal/xmc-dave\pal_os_timer.c **** static volatile uint32_t g_tick_count = 0;
  43:C:/Workspace/DAVE-4.4.2-64Bit/optiga-trust-m/pal/xmc-dave\pal_os_timer.c **** 
  44:C:/Workspace/DAVE-4.4.2-64Bit/optiga-trust-m/pal/xmc-dave\pal_os_timer.c **** void delay_timer_isr(void)
  45:C:/Workspace/DAVE-4.4.2-64Bit/optiga-trust-m/pal/xmc-dave\pal_os_timer.c **** {
  26              	 .loc 1 45 0
  27              	 .cfi_startproc
  28 0000 10B5     	 push {r4,lr}
  29              	.LCFI0:
  30              	 .cfi_def_cfa_offset 8
  31              	 .cfi_offset 4,-8
  32              	 .cfi_offset 14,-4
  46:C:/Workspace/DAVE-4.4.2-64Bit/optiga-trust-m/pal/xmc-dave\pal_os_timer.c ****     TIMER_ClearEvent(&tick_timer);
  33              	 .loc 1 46 0
  34 0002 064C     	 ldr r4,.L2
  47:C:/Workspace/DAVE-4.4.2-64Bit/optiga-trust-m/pal/xmc-dave\pal_os_timer.c ****     (void)TIMER_Clear(&tick_timer);
  48:C:/Workspace/DAVE-4.4.2-64Bit/optiga-trust-m/pal/xmc-dave\pal_os_timer.c ****     g_tick_count += 1U;
  49:C:/Workspace/DAVE-4.4.2-64Bit/optiga-trust-m/pal/xmc-dave\pal_os_timer.c **** }
  35              	 .loc 1 49 0
  36              	 
  46:C:/Workspace/DAVE-4.4.2-64Bit/optiga-trust-m/pal/xmc-dave\pal_os_timer.c ****     TIMER_ClearEvent(&tick_timer);
  37              	 .loc 1 46 0
  38 0004 201C     	 mov r0,r4
  39 0006 FFF7FEFF 	 bl TIMER_ClearEvent
  40              	.LVL0:
  47:C:/Workspace/DAVE-4.4.2-64Bit/optiga-trust-m/pal/xmc-dave\pal_os_timer.c ****     (void)TIMER_Clear(&tick_timer);
  41              	 .loc 1 47 0
  42 000a 201C     	 mov r0,r4
  43 000c FFF7FEFF 	 bl TIMER_Clear
  44              	.LVL1:
  48:C:/Workspace/DAVE-4.4.2-64Bit/optiga-trust-m/pal/xmc-dave\pal_os_timer.c **** }
  45              	 .loc 1 48 0
  46 0010 034A     	 ldr r2,.L2+4
  47 0012 1368     	 ldr r3,[r2]
  48 0014 0133     	 add r3,r3,#1
  49 0016 1360     	 str r3,[r2]
  50              	 .loc 1 49 0
  51 0018 10BD     	 pop {r4,pc}
  52              	.L3:
  53 001a C046     	 .align 2
  54              	.L2:
  55 001c 00000000 	 .word tick_timer
  56 0020 00000000 	 .word .LANCHOR0
  57              	 .cfi_endproc
  58              	.LFE276:
  60              	 .section .text.pal_os_timer_get_time_in_microseconds,"ax",%progbits
  61              	 .align 1
  62              	 .global pal_os_timer_get_time_in_microseconds
  63              	 .code 16
  64              	 .thumb_func
  66              	pal_os_timer_get_time_in_microseconds:
  67              	.LFB277:
  50:C:/Workspace/DAVE-4.4.2-64Bit/optiga-trust-m/pal/xmc-dave\pal_os_timer.c **** 
  51:C:/Workspace/DAVE-4.4.2-64Bit/optiga-trust-m/pal/xmc-dave\pal_os_timer.c **** /// @endcond
  52:C:/Workspace/DAVE-4.4.2-64Bit/optiga-trust-m/pal/xmc-dave\pal_os_timer.c **** 
  53:C:/Workspace/DAVE-4.4.2-64Bit/optiga-trust-m/pal/xmc-dave\pal_os_timer.c **** 
  54:C:/Workspace/DAVE-4.4.2-64Bit/optiga-trust-m/pal/xmc-dave\pal_os_timer.c **** uint32_t pal_os_timer_get_time_in_microseconds(void)
  55:C:/Workspace/DAVE-4.4.2-64Bit/optiga-trust-m/pal/xmc-dave\pal_os_timer.c **** {
  68              	 .loc 1 55 0
  69              	 .cfi_startproc
  56:C:/Workspace/DAVE-4.4.2-64Bit/optiga-trust-m/pal/xmc-dave\pal_os_timer.c ****     // !!!OPTIGA_LIB_PORTING_REQUIRED
  57:C:/Workspace/DAVE-4.4.2-64Bit/optiga-trust-m/pal/xmc-dave\pal_os_timer.c ****     // This API is needed to support optiga cmd scheduler. 
  58:C:/Workspace/DAVE-4.4.2-64Bit/optiga-trust-m/pal/xmc-dave\pal_os_timer.c ****     static uint32_t count = 0;
  59:C:/Workspace/DAVE-4.4.2-64Bit/optiga-trust-m/pal/xmc-dave\pal_os_timer.c ****     // The implementation must ensure that every invocation of this API returns a unique value.
  60:C:/Workspace/DAVE-4.4.2-64Bit/optiga-trust-m/pal/xmc-dave\pal_os_timer.c ****     return (count++);
  70              	 .loc 1 60 0
  71 0000 024B     	 ldr r3,.L5
  61:C:/Workspace/DAVE-4.4.2-64Bit/optiga-trust-m/pal/xmc-dave\pal_os_timer.c **** }
  72              	 .loc 1 61 0
  73              	 
  60:C:/Workspace/DAVE-4.4.2-64Bit/optiga-trust-m/pal/xmc-dave\pal_os_timer.c **** }
  74              	 .loc 1 60 0
  75 0002 1868     	 ldr r0,[r3]
  76 0004 421C     	 add r2,r0,#1
  77 0006 1A60     	 str r2,[r3]
  78              	 .loc 1 61 0
  79 0008 7047     	 bx lr
  80              	.L6:
  81 000a C046     	 .align 2
  82              	.L5:
  83 000c 00000000 	 .word .LANCHOR1
  84              	 .cfi_endproc
  85              	.LFE277:
  87              	 .section .text.pal_os_timer_get_time_in_milliseconds,"ax",%progbits
  88              	 .align 1
  89              	 .global pal_os_timer_get_time_in_milliseconds
  90              	 .code 16
  91              	 .thumb_func
  93              	pal_os_timer_get_time_in_milliseconds:
  94              	.LFB278:
  62:C:/Workspace/DAVE-4.4.2-64Bit/optiga-trust-m/pal/xmc-dave\pal_os_timer.c **** 
  63:C:/Workspace/DAVE-4.4.2-64Bit/optiga-trust-m/pal/xmc-dave\pal_os_timer.c **** uint32_t pal_os_timer_get_time_in_milliseconds(void)
  64:C:/Workspace/DAVE-4.4.2-64Bit/optiga-trust-m/pal/xmc-dave\pal_os_timer.c **** {
  95              	 .loc 1 64 0
  96              	 .cfi_startproc
  65:C:/Workspace/DAVE-4.4.2-64Bit/optiga-trust-m/pal/xmc-dave\pal_os_timer.c ****     return (g_tick_count);
  97              	 .loc 1 65 0
  98 0000 014B     	 ldr r3,.L8
  66:C:/Workspace/DAVE-4.4.2-64Bit/optiga-trust-m/pal/xmc-dave\pal_os_timer.c **** }
  99              	 .loc 1 66 0
 100              	 
  65:C:/Workspace/DAVE-4.4.2-64Bit/optiga-trust-m/pal/xmc-dave\pal_os_timer.c ****     return (g_tick_count);
 101              	 .loc 1 65 0
 102 0002 1868     	 ldr r0,[r3]
 103              	 .loc 1 66 0
 104 0004 7047     	 bx lr
 105              	.L9:
 106 0006 C046     	 .align 2
 107              	.L8:
 108 0008 00000000 	 .word .LANCHOR0
 109              	 .cfi_endproc
 110              	.LFE278:
 112              	 .section .text.pal_os_timer_delay_in_milliseconds,"ax",%progbits
 113              	 .align 1
 114              	 .global pal_os_timer_delay_in_milliseconds
 115              	 .code 16
 116              	 .thumb_func
 118              	pal_os_timer_delay_in_milliseconds:
 119              	.LFB279:
  67:C:/Workspace/DAVE-4.4.2-64Bit/optiga-trust-m/pal/xmc-dave\pal_os_timer.c **** 
  68:C:/Workspace/DAVE-4.4.2-64Bit/optiga-trust-m/pal/xmc-dave\pal_os_timer.c **** void pal_os_timer_delay_in_milliseconds(uint16_t milliseconds)
  69:C:/Workspace/DAVE-4.4.2-64Bit/optiga-trust-m/pal/xmc-dave\pal_os_timer.c **** {
 120              	 .loc 1 69 0
 121              	 .cfi_startproc
 122              	.LVL2:
  70:C:/Workspace/DAVE-4.4.2-64Bit/optiga-trust-m/pal/xmc-dave\pal_os_timer.c ****     uint32_t start_time;
  71:C:/Workspace/DAVE-4.4.2-64Bit/optiga-trust-m/pal/xmc-dave\pal_os_timer.c ****     uint32_t current_time;
  72:C:/Workspace/DAVE-4.4.2-64Bit/optiga-trust-m/pal/xmc-dave\pal_os_timer.c ****     uint32_t time_stamp_diff;
  73:C:/Workspace/DAVE-4.4.2-64Bit/optiga-trust-m/pal/xmc-dave\pal_os_timer.c **** 
  74:C:/Workspace/DAVE-4.4.2-64Bit/optiga-trust-m/pal/xmc-dave\pal_os_timer.c ****     start_time = pal_os_timer_get_time_in_milliseconds();
  75:C:/Workspace/DAVE-4.4.2-64Bit/optiga-trust-m/pal/xmc-dave\pal_os_timer.c ****     current_time = start_time;
  76:C:/Workspace/DAVE-4.4.2-64Bit/optiga-trust-m/pal/xmc-dave\pal_os_timer.c ****     time_stamp_diff = current_time - start_time;
 123              	 .loc 1 76 0
 124 0000 0023     	 mov r3,#0
 125              	.LBB6:
 126              	.LBB7:
  65:C:/Workspace/DAVE-4.4.2-64Bit/optiga-trust-m/pal/xmc-dave\pal_os_timer.c **** }
 127              	 .loc 1 65 0
 128 0002 044A     	 ldr r2,.L15
 129 0004 1168     	 ldr r1,[r2]
 130              	.LVL3:
 131              	.L11:
 132              	.LBE7:
 133              	.LBE6:
  77:C:/Workspace/DAVE-4.4.2-64Bit/optiga-trust-m/pal/xmc-dave\pal_os_timer.c ****     while (time_stamp_diff <= (uint32_t)milliseconds)
 134              	 .loc 1 77 0
 135 0006 8342     	 cmp r3,r0
 136 0008 02D8     	 bhi .L14
 137              	.LBB8:
 138              	.LBB9:
  65:C:/Workspace/DAVE-4.4.2-64Bit/optiga-trust-m/pal/xmc-dave\pal_os_timer.c **** }
 139              	 .loc 1 65 0
 140 000a 1368     	 ldr r3,[r2]
 141              	.LVL4:
 142              	.LBE9:
 143              	.LBE8:
  78:C:/Workspace/DAVE-4.4.2-64Bit/optiga-trust-m/pal/xmc-dave\pal_os_timer.c ****     {
  79:C:/Workspace/DAVE-4.4.2-64Bit/optiga-trust-m/pal/xmc-dave\pal_os_timer.c ****         current_time = pal_os_timer_get_time_in_milliseconds();
  80:C:/Workspace/DAVE-4.4.2-64Bit/optiga-trust-m/pal/xmc-dave\pal_os_timer.c ****         time_stamp_diff = current_time - start_time;
 144              	 .loc 1 80 0
 145 000c 5B1A     	 sub r3,r3,r1
 146              	.LVL5:
 147 000e FAE7     	 b .L11
 148              	.LVL6:
 149              	.L14:
  81:C:/Workspace/DAVE-4.4.2-64Bit/optiga-trust-m/pal/xmc-dave\pal_os_timer.c ****         if (start_time > current_time)
  82:C:/Workspace/DAVE-4.4.2-64Bit/optiga-trust-m/pal/xmc-dave\pal_os_timer.c ****         {
  83:C:/Workspace/DAVE-4.4.2-64Bit/optiga-trust-m/pal/xmc-dave\pal_os_timer.c ****             time_stamp_diff = (0xFFFFFFFF + (current_time - start_time)) + 0x01;
  84:C:/Workspace/DAVE-4.4.2-64Bit/optiga-trust-m/pal/xmc-dave\pal_os_timer.c ****         }        
  85:C:/Workspace/DAVE-4.4.2-64Bit/optiga-trust-m/pal/xmc-dave\pal_os_timer.c ****     }
  86:C:/Workspace/DAVE-4.4.2-64Bit/optiga-trust-m/pal/xmc-dave\pal_os_timer.c **** }
 150              	 .loc 1 86 0
 151              	 
 152 0010 7047     	 bx lr
 153              	.L16:
 154 0012 C046     	 .align 2
 155              	.L15:
 156 0014 00000000 	 .word .LANCHOR0
 157              	 .cfi_endproc
 158              	.LFE279:
 160              	 .section .text.pal_timer_init,"ax",%progbits
 161              	 .align 1
 162              	 .global pal_timer_init
 163              	 .code 16
 164              	 .thumb_func
 166              	pal_timer_init:
 167              	.LFB280:
  87:C:/Workspace/DAVE-4.4.2-64Bit/optiga-trust-m/pal/xmc-dave\pal_os_timer.c **** 
  88:C:/Workspace/DAVE-4.4.2-64Bit/optiga-trust-m/pal/xmc-dave\pal_os_timer.c **** //lint --e{714} suppress "This is implemented for overall completion of API"
  89:C:/Workspace/DAVE-4.4.2-64Bit/optiga-trust-m/pal/xmc-dave\pal_os_timer.c **** pal_status_t pal_timer_init(void)
  90:C:/Workspace/DAVE-4.4.2-64Bit/optiga-trust-m/pal/xmc-dave\pal_os_timer.c **** {
 168              	 .loc 1 90 0
 169              	 .cfi_startproc
  91:C:/Workspace/DAVE-4.4.2-64Bit/optiga-trust-m/pal/xmc-dave\pal_os_timer.c ****     return PAL_STATUS_SUCCESS;
  92:C:/Workspace/DAVE-4.4.2-64Bit/optiga-trust-m/pal/xmc-dave\pal_os_timer.c **** }
 170              	 .loc 1 92 0
 171 0000 0020     	 mov r0,#0
 172              	 
 173 0002 7047     	 bx lr
 174              	 .cfi_endproc
 175              	.LFE280:
 177              	 .section .text.pal_timer_deinit,"ax",%progbits
 178              	 .align 1
 179              	 .global pal_timer_deinit
 180              	 .code 16
 181              	 .thumb_func
 183              	pal_timer_deinit:
 184              	.LFB281:
  93:C:/Workspace/DAVE-4.4.2-64Bit/optiga-trust-m/pal/xmc-dave\pal_os_timer.c **** 
  94:C:/Workspace/DAVE-4.4.2-64Bit/optiga-trust-m/pal/xmc-dave\pal_os_timer.c **** //lint --e{714} suppress "This is implemented for overall completion of API"
  95:C:/Workspace/DAVE-4.4.2-64Bit/optiga-trust-m/pal/xmc-dave\pal_os_timer.c **** pal_status_t pal_timer_deinit(void)
  96:C:/Workspace/DAVE-4.4.2-64Bit/optiga-trust-m/pal/xmc-dave\pal_os_timer.c **** {
 185              	 .loc 1 96 0
 186              	 .cfi_startproc
  97:C:/Workspace/DAVE-4.4.2-64Bit/optiga-trust-m/pal/xmc-dave\pal_os_timer.c ****     return PAL_STATUS_SUCCESS;
  98:C:/Workspace/DAVE-4.4.2-64Bit/optiga-trust-m/pal/xmc-dave\pal_os_timer.c **** }
 187              	 .loc 1 98 0
 188 0000 0020     	 mov r0,#0
 189              	 
 190 0002 7047     	 bx lr
 191              	 .cfi_endproc
 192              	.LFE281:
 194              	 .section .bss.g_tick_count,"aw",%nobits
 195              	 .align 2
 196              	 .set .LANCHOR0,.+0
 199              	g_tick_count:
 200 0000 00000000 	 .space 4
 201              	 .section .bss.count.9060,"aw",%nobits
 202              	 .align 2
 203              	 .set .LANCHOR1,.+0
 206              	count.9060:
 207 0000 00000000 	 .space 4
 208              	 .text
 209              	.Letext0:
 210              	 .file 2 "c:\\dave_4-4-2_64bit\\dave-ide-4.4.2-64bit\\eclipse\\arm-gcc-49\\arm-none-eabi\\include\\machine\\_default_types.h"
 211              	 .file 3 "c:\\dave_4-4-2_64bit\\dave-ide-4.4.2-64bit\\eclipse\\arm-gcc-49\\arm-none-eabi\\include\\stdint.h"
 212              	 .file 4 "C:/Workspace/DAVE-4.4.2-64Bit/xmc1400-getstarted-optiga-trust-m/Libraries/CMSIS/Infineon/XMC1400_series/Include/XMC1400.h"
 213              	 .file 5 "C:/Workspace/DAVE-4.4.2-64Bit/xmc1400-getstarted-optiga-trust-m/Libraries/XMCLib/inc/xmc1_scu.h"
 214              	 .file 6 "C:/Workspace/DAVE-4.4.2-64Bit/xmc1400-getstarted-optiga-trust-m/Libraries/XMCLib/inc/xmc_usic.h"
 215              	 .file 7 "C:/Workspace/DAVE-4.4.2-64Bit/xmc1400-getstarted-optiga-trust-m/Libraries/XMCLib/inc/xmc_ccu4.h"
 216              	 .file 8 "C:/Workspace/DAVE-4.4.2-64Bit/xmc1400-getstarted-optiga-trust-m/Dave/Generated/GLOBAL_CCU4/global_ccu4.h"
 217              	 .file 9 "C:/Workspace/DAVE-4.4.2-64Bit/xmc1400-getstarted-optiga-trust-m/Dave/Generated/TIMER/timer.h"
 218              	 .file 10 "C:/Workspace/DAVE-4.4.2-64Bit/optiga-trust-m/optiga/include/optiga/pal/pal.h"
 219              	 .file 11 "C:/Workspace/DAVE-4.4.2-64Bit/xmc1400-getstarted-optiga-trust-m/Libraries/CMSIS/Include/cmsis_gcc.h"
 220              	 .file 12 "C:/Workspace/DAVE-4.4.2-64Bit/xmc1400-getstarted-optiga-trust-m/Libraries/CMSIS/Infineon/XMC1400_series/Include/system_XMC1400.h"
 221              	 .file 13 "C:/Workspace/DAVE-4.4.2-64Bit/xmc1400-getstarted-optiga-trust-m/Dave/Generated/TIMER/timer_extern.h"
DEFINED SYMBOLS
                            *ABS*:00000000 pal_os_timer.c
    {standard input}:18     .text.IRQ0_Handler:00000000 $t
    {standard input}:23     .text.IRQ0_Handler:00000000 IRQ0_Handler
    {standard input}:55     .text.IRQ0_Handler:0000001c $d
    {standard input}:61     .text.pal_os_timer_get_time_in_microseconds:00000000 $t
    {standard input}:66     .text.pal_os_timer_get_time_in_microseconds:00000000 pal_os_timer_get_time_in_microseconds
    {standard input}:83     .text.pal_os_timer_get_time_in_microseconds:0000000c $d
    {standard input}:88     .text.pal_os_timer_get_time_in_milliseconds:00000000 $t
    {standard input}:93     .text.pal_os_timer_get_time_in_milliseconds:00000000 pal_os_timer_get_time_in_milliseconds
    {standard input}:108    .text.pal_os_timer_get_time_in_milliseconds:00000008 $d
    {standard input}:113    .text.pal_os_timer_delay_in_milliseconds:00000000 $t
    {standard input}:118    .text.pal_os_timer_delay_in_milliseconds:00000000 pal_os_timer_delay_in_milliseconds
    {standard input}:156    .text.pal_os_timer_delay_in_milliseconds:00000014 $d
    {standard input}:161    .text.pal_timer_init:00000000 $t
    {standard input}:166    .text.pal_timer_init:00000000 pal_timer_init
    {standard input}:178    .text.pal_timer_deinit:00000000 $t
    {standard input}:183    .text.pal_timer_deinit:00000000 pal_timer_deinit
    {standard input}:195    .bss.g_tick_count:00000000 $d
    {standard input}:199    .bss.g_tick_count:00000000 g_tick_count
    {standard input}:202    .bss.count.9060:00000000 $d
    {standard input}:206    .bss.count.9060:00000000 count.9060
                     .debug_frame:00000010 $d

UNDEFINED SYMBOLS
TIMER_ClearEvent
TIMER_Clear
tick_timer
