   1              	 .cpu cortex-m0
   2              	 .fpu softvfp
   3              	 .eabi_attribute 20,1
   4              	 .eabi_attribute 21,1
   5              	 .eabi_attribute 23,3
   6              	 .eabi_attribute 24,1
   7              	 .eabi_attribute 25,1
   8              	 .eabi_attribute 26,1
   9              	 .eabi_attribute 30,4
  10              	 .eabi_attribute 34,0
  11              	 .eabi_attribute 18,4
  12              	 .code 16
  13              	 .file "optiga_lib_common.c"
  14              	 .text
  15              	.Ltext0:
  16              	 .cfi_sections .debug_frame
  17              	 .section .text.optiga_common_get_uint32,"ax",%progbits
  18              	 .align 1
  19              	 .global optiga_common_get_uint32
  20              	 .code 16
  21              	 .thumb_func
  23              	optiga_common_get_uint32:
  24              	.LFB0:
  25              	 .file 1 "//MAC/Home/Downloads/getstarted-optiga-trust-m/optiga-trust-m-1/optiga/common/optiga_lib_common.c"
   1://MAC/Home/Downloads/getstarted-optiga-trust-m/optiga-trust-m-1/optiga/common/optiga_lib_common.c **** /**
   2://MAC/Home/Downloads/getstarted-optiga-trust-m/optiga-trust-m-1/optiga/common/optiga_lib_common.c **** * \copyright
   3://MAC/Home/Downloads/getstarted-optiga-trust-m/optiga-trust-m-1/optiga/common/optiga_lib_common.c **** * MIT License
   4://MAC/Home/Downloads/getstarted-optiga-trust-m/optiga-trust-m-1/optiga/common/optiga_lib_common.c **** *
   5://MAC/Home/Downloads/getstarted-optiga-trust-m/optiga-trust-m-1/optiga/common/optiga_lib_common.c **** * Copyright (c) 2019 Infineon Technologies AG
   6://MAC/Home/Downloads/getstarted-optiga-trust-m/optiga-trust-m-1/optiga/common/optiga_lib_common.c **** *
   7://MAC/Home/Downloads/getstarted-optiga-trust-m/optiga-trust-m-1/optiga/common/optiga_lib_common.c **** * Permission is hereby granted, free of charge, to any person obtaining a copy
   8://MAC/Home/Downloads/getstarted-optiga-trust-m/optiga-trust-m-1/optiga/common/optiga_lib_common.c **** * of this software and associated documentation files (the "Software"), to deal
   9://MAC/Home/Downloads/getstarted-optiga-trust-m/optiga-trust-m-1/optiga/common/optiga_lib_common.c **** * in the Software without restriction, including without limitation the rights
  10://MAC/Home/Downloads/getstarted-optiga-trust-m/optiga-trust-m-1/optiga/common/optiga_lib_common.c **** * to use, copy, modify, merge, publish, distribute, sublicense, and/or sell
  11://MAC/Home/Downloads/getstarted-optiga-trust-m/optiga-trust-m-1/optiga/common/optiga_lib_common.c **** * copies of the Software, and to permit persons to whom the Software is
  12://MAC/Home/Downloads/getstarted-optiga-trust-m/optiga-trust-m-1/optiga/common/optiga_lib_common.c **** * furnished to do so, subject to the following conditions:
  13://MAC/Home/Downloads/getstarted-optiga-trust-m/optiga-trust-m-1/optiga/common/optiga_lib_common.c **** *
  14://MAC/Home/Downloads/getstarted-optiga-trust-m/optiga-trust-m-1/optiga/common/optiga_lib_common.c **** * The above copyright notice and this permission notice shall be included in all
  15://MAC/Home/Downloads/getstarted-optiga-trust-m/optiga-trust-m-1/optiga/common/optiga_lib_common.c **** * copies or substantial portions of the Software.
  16://MAC/Home/Downloads/getstarted-optiga-trust-m/optiga-trust-m-1/optiga/common/optiga_lib_common.c **** *
  17://MAC/Home/Downloads/getstarted-optiga-trust-m/optiga-trust-m-1/optiga/common/optiga_lib_common.c **** * THE SOFTWARE IS PROVIDED "AS IS", WITHOUT WARRANTY OF ANY KIND, EXPRESS OR
  18://MAC/Home/Downloads/getstarted-optiga-trust-m/optiga-trust-m-1/optiga/common/optiga_lib_common.c **** * IMPLIED, INCLUDING BUT NOT LIMITED TO THE WARRANTIES OF MERCHANTABILITY,
  19://MAC/Home/Downloads/getstarted-optiga-trust-m/optiga-trust-m-1/optiga/common/optiga_lib_common.c **** * FITNESS FOR A PARTICULAR PURPOSE AND NONINFRINGEMENT. IN NO EVENT SHALL THE
  20://MAC/Home/Downloads/getstarted-optiga-trust-m/optiga-trust-m-1/optiga/common/optiga_lib_common.c **** * AUTHORS OR COPYRIGHT HOLDERS BE LIABLE FOR ANY CLAIM, DAMAGES OR OTHER
  21://MAC/Home/Downloads/getstarted-optiga-trust-m/optiga-trust-m-1/optiga/common/optiga_lib_common.c **** * LIABILITY, WHETHER IN AN ACTION OF CONTRACT, TORT OR OTHERWISE, ARISING FROM,
  22://MAC/Home/Downloads/getstarted-optiga-trust-m/optiga-trust-m-1/optiga/common/optiga_lib_common.c **** * OUT OF OR IN CONNECTION WITH THE SOFTWARE OR THE USE OR OTHER DEALINGS IN THE
  23://MAC/Home/Downloads/getstarted-optiga-trust-m/optiga-trust-m-1/optiga/common/optiga_lib_common.c **** * SOFTWARE
  24://MAC/Home/Downloads/getstarted-optiga-trust-m/optiga-trust-m-1/optiga/common/optiga_lib_common.c **** *
  25://MAC/Home/Downloads/getstarted-optiga-trust-m/optiga-trust-m-1/optiga/common/optiga_lib_common.c **** * \endcopyright
  26://MAC/Home/Downloads/getstarted-optiga-trust-m/optiga-trust-m-1/optiga/common/optiga_lib_common.c **** *
  27://MAC/Home/Downloads/getstarted-optiga-trust-m/optiga-trust-m-1/optiga/common/optiga_lib_common.c **** * \author Infineon Technologies AG
  28://MAC/Home/Downloads/getstarted-optiga-trust-m/optiga-trust-m-1/optiga/common/optiga_lib_common.c **** *
  29://MAC/Home/Downloads/getstarted-optiga-trust-m/optiga-trust-m-1/optiga/common/optiga_lib_common.c **** * \file optiga_lib_common.c
  30://MAC/Home/Downloads/getstarted-optiga-trust-m/optiga-trust-m-1/optiga/common/optiga_lib_common.c **** *
  31://MAC/Home/Downloads/getstarted-optiga-trust-m/optiga-trust-m-1/optiga/common/optiga_lib_common.c **** * \brief   This file implements the commonly used functions by the OPTIGA Library .
  32://MAC/Home/Downloads/getstarted-optiga-trust-m/optiga-trust-m-1/optiga/common/optiga_lib_common.c **** *
  33://MAC/Home/Downloads/getstarted-optiga-trust-m/optiga-trust-m-1/optiga/common/optiga_lib_common.c **** * \ingroup  grOptigaLibCommon
  34://MAC/Home/Downloads/getstarted-optiga-trust-m/optiga-trust-m-1/optiga/common/optiga_lib_common.c **** *
  35://MAC/Home/Downloads/getstarted-optiga-trust-m/optiga-trust-m-1/optiga/common/optiga_lib_common.c **** * @{
  36://MAC/Home/Downloads/getstarted-optiga-trust-m/optiga-trust-m-1/optiga/common/optiga_lib_common.c **** */
  37://MAC/Home/Downloads/getstarted-optiga-trust-m/optiga-trust-m-1/optiga/common/optiga_lib_common.c **** 
  38://MAC/Home/Downloads/getstarted-optiga-trust-m/optiga-trust-m-1/optiga/common/optiga_lib_common.c **** #include "optiga/common/optiga_lib_types.h"
  39://MAC/Home/Downloads/getstarted-optiga-trust-m/optiga-trust-m-1/optiga/common/optiga_lib_common.c **** #include "optiga/common/optiga_lib_common.h"
  40://MAC/Home/Downloads/getstarted-optiga-trust-m/optiga-trust-m-1/optiga/common/optiga_lib_common.c **** 
  41://MAC/Home/Downloads/getstarted-optiga-trust-m/optiga-trust-m-1/optiga/common/optiga_lib_common.c **** uint32_t optiga_common_get_uint32 (const uint8_t* p_input_buffer)
  42://MAC/Home/Downloads/getstarted-optiga-trust-m/optiga-trust-m-1/optiga/common/optiga_lib_common.c **** {
  26              	 .loc 1 42 0
  27              	 .cfi_startproc
  28              	.LVL0:
  29              	 .loc 1 42 0
  30 0000 021C     	 mov r2,r0
  43://MAC/Home/Downloads/getstarted-optiga-trust-m/optiga-trust-m-1/optiga/common/optiga_lib_common.c ****     uint32_t four_byte_value;
  44://MAC/Home/Downloads/getstarted-optiga-trust-m/optiga-trust-m-1/optiga/common/optiga_lib_common.c ****     four_byte_value = ((uint32_t)(*p_input_buffer))<< 24 | ((uint32_t)(*(p_input_buffer + 1))<< 16 
  31              	 .loc 1 44 0
  32 0002 0378     	 ldrb r3,[r0]
  33              	.LVL1:
  45://MAC/Home/Downloads/getstarted-optiga-trust-m/optiga-trust-m-1/optiga/common/optiga_lib_common.c ****                       ((uint32_t)(*(p_input_buffer + 2)))<< 8 | (uint32_t)(*(p_input_buffer + 3)));
  46://MAC/Home/Downloads/getstarted-optiga-trust-m/optiga-trust-m-1/optiga/common/optiga_lib_common.c **** 
  47://MAC/Home/Downloads/getstarted-optiga-trust-m/optiga-trust-m-1/optiga/common/optiga_lib_common.c ****     return (four_byte_value);
  48://MAC/Home/Downloads/getstarted-optiga-trust-m/optiga-trust-m-1/optiga/common/optiga_lib_common.c **** }
  34              	 .loc 1 48 0
  35              	 
  44://MAC/Home/Downloads/getstarted-optiga-trust-m/optiga-trust-m-1/optiga/common/optiga_lib_common.c ****                       ((uint32_t)(*(p_input_buffer + 2)))<< 8 | (uint32_t)(*(p_input_buffer + 3)));
  36              	 .loc 1 44 0
  37 0004 1806     	 lsl r0,r3,#24
  38              	.LVL2:
  39 0006 5378     	 ldrb r3,[r2,#1]
  40              	.LVL3:
  41 0008 1B04     	 lsl r3,r3,#16
  42              	.LVL4:
  43 000a 0343     	 orr r3,r0
  45://MAC/Home/Downloads/getstarted-optiga-trust-m/optiga-trust-m-1/optiga/common/optiga_lib_common.c ****                       ((uint32_t)(*(p_input_buffer + 2)))<< 8 | (uint32_t)(*(p_input_buffer + 3)));
  44              	 .loc 1 45 0
  45 000c D078     	 ldrb r0,[r2,#3]
  46 000e 1843     	 orr r0,r3
  47 0010 9378     	 ldrb r3,[r2,#2]
  48 0012 1B02     	 lsl r3,r3,#8
  44://MAC/Home/Downloads/getstarted-optiga-trust-m/optiga-trust-m-1/optiga/common/optiga_lib_common.c ****                       ((uint32_t)(*(p_input_buffer + 2)))<< 8 | (uint32_t)(*(p_input_buffer + 3)));
  49              	 .loc 1 44 0
  50 0014 1843     	 orr r0,r3
  51              	 .loc 1 48 0
  52 0016 7047     	 bx lr
  53              	 .cfi_endproc
  54              	.LFE0:
  56              	 .section .text.optiga_common_set_uint16,"ax",%progbits
  57              	 .align 1
  58              	 .global optiga_common_set_uint16
  59              	 .code 16
  60              	 .thumb_func
  62              	optiga_common_set_uint16:
  63              	.LFB1:
  49://MAC/Home/Downloads/getstarted-optiga-trust-m/optiga-trust-m-1/optiga/common/optiga_lib_common.c **** 
  50://MAC/Home/Downloads/getstarted-optiga-trust-m/optiga-trust-m-1/optiga/common/optiga_lib_common.c **** void optiga_common_set_uint16 (uint8_t * p_output_buffer,uint16_t two_byte_value)
  51://MAC/Home/Downloads/getstarted-optiga-trust-m/optiga-trust-m-1/optiga/common/optiga_lib_common.c **** {
  64              	 .loc 1 51 0
  65              	 .cfi_startproc
  66              	.LVL5:
  52://MAC/Home/Downloads/getstarted-optiga-trust-m/optiga-trust-m-1/optiga/common/optiga_lib_common.c ****     *p_output_buffer = (uint8_t)(two_byte_value>>8);
  67              	 .loc 1 52 0
  68 0000 0B0A     	 lsr r3,r1,#8
  69 0002 0370     	 strb r3,[r0]
  53://MAC/Home/Downloads/getstarted-optiga-trust-m/optiga-trust-m-1/optiga/common/optiga_lib_common.c ****     *(p_output_buffer+1) = (uint8_t)(two_byte_value);
  70              	 .loc 1 53 0
  71 0004 4170     	 strb r1,[r0,#1]
  54://MAC/Home/Downloads/getstarted-optiga-trust-m/optiga-trust-m-1/optiga/common/optiga_lib_common.c **** }
  72              	 .loc 1 54 0
  73              	 
  74 0006 7047     	 bx lr
  75              	 .cfi_endproc
  76              	.LFE1:
  78              	 .section .text.optiga_common_set_uint32,"ax",%progbits
  79              	 .align 1
  80              	 .global optiga_common_set_uint32
  81              	 .code 16
  82              	 .thumb_func
  84              	optiga_common_set_uint32:
  85              	.LFB2:
  55://MAC/Home/Downloads/getstarted-optiga-trust-m/optiga-trust-m-1/optiga/common/optiga_lib_common.c **** 
  56://MAC/Home/Downloads/getstarted-optiga-trust-m/optiga-trust-m-1/optiga/common/optiga_lib_common.c **** void optiga_common_set_uint32 (uint8_t* p_output_buffer,uint32_t four_byte_value)
  57://MAC/Home/Downloads/getstarted-optiga-trust-m/optiga-trust-m-1/optiga/common/optiga_lib_common.c **** {
  86              	 .loc 1 57 0
  87              	 .cfi_startproc
  88              	.LVL6:
  58://MAC/Home/Downloads/getstarted-optiga-trust-m/optiga-trust-m-1/optiga/common/optiga_lib_common.c ****     *(p_output_buffer) = (uint8_t)(four_byte_value>>24);
  89              	 .loc 1 58 0
  90 0000 0B0E     	 lsr r3,r1,#24
  91 0002 0370     	 strb r3,[r0]
  59://MAC/Home/Downloads/getstarted-optiga-trust-m/optiga-trust-m-1/optiga/common/optiga_lib_common.c ****     *(p_output_buffer + 1) = (uint8_t)(four_byte_value>>16);
  92              	 .loc 1 59 0
  93 0004 0B0C     	 lsr r3,r1,#16
  94 0006 4370     	 strb r3,[r0,#1]
  60://MAC/Home/Downloads/getstarted-optiga-trust-m/optiga-trust-m-1/optiga/common/optiga_lib_common.c ****     *(p_output_buffer+2) = (uint8_t)(four_byte_value>>8);
  95              	 .loc 1 60 0
  96 0008 0B0A     	 lsr r3,r1,#8
  97 000a 8370     	 strb r3,[r0,#2]
  61://MAC/Home/Downloads/getstarted-optiga-trust-m/optiga-trust-m-1/optiga/common/optiga_lib_common.c ****     *(p_output_buffer+3) = (uint8_t)(four_byte_value);
  98              	 .loc 1 61 0
  99 000c C170     	 strb r1,[r0,#3]
  62://MAC/Home/Downloads/getstarted-optiga-trust-m/optiga-trust-m-1/optiga/common/optiga_lib_common.c **** }
 100              	 .loc 1 62 0
 101              	 
 102 000e 7047     	 bx lr
 103              	 .cfi_endproc
 104              	.LFE2:
 106              	 .section .text.optiga_common_get_uint16,"ax",%progbits
 107              	 .align 1
 108              	 .global optiga_common_get_uint16
 109              	 .code 16
 110              	 .thumb_func
 112              	optiga_common_get_uint16:
 113              	.LFB3:
  63://MAC/Home/Downloads/getstarted-optiga-trust-m/optiga-trust-m-1/optiga/common/optiga_lib_common.c **** 
  64://MAC/Home/Downloads/getstarted-optiga-trust-m/optiga-trust-m-1/optiga/common/optiga_lib_common.c **** void optiga_common_get_uint16 (const uint8_t * p_input_buffer,uint16_t* p_two_byte_value)
  65://MAC/Home/Downloads/getstarted-optiga-trust-m/optiga-trust-m-1/optiga/common/optiga_lib_common.c **** {
 114              	 .loc 1 65 0
 115              	 .cfi_startproc
 116              	.LVL7:
  66://MAC/Home/Downloads/getstarted-optiga-trust-m/optiga-trust-m-1/optiga/common/optiga_lib_common.c ****     *p_two_byte_value = (uint16_t)(*p_input_buffer << 8);
 117              	 .loc 1 66 0
 118 0000 0378     	 ldrb r3,[r0]
  67://MAC/Home/Downloads/getstarted-optiga-trust-m/optiga-trust-m-1/optiga/common/optiga_lib_common.c ****     *p_two_byte_value |= (uint16_t)(*(p_input_buffer+1));
  68://MAC/Home/Downloads/getstarted-optiga-trust-m/optiga-trust-m-1/optiga/common/optiga_lib_common.c **** }
 119              	 .loc 1 68 0
 120              	 
  66://MAC/Home/Downloads/getstarted-optiga-trust-m/optiga-trust-m-1/optiga/common/optiga_lib_common.c ****     *p_two_byte_value = (uint16_t)(*p_input_buffer << 8);
 121              	 .loc 1 66 0
 122 0002 1B02     	 lsl r3,r3,#8
 123 0004 0B80     	 strh r3,[r1]
  67://MAC/Home/Downloads/getstarted-optiga-trust-m/optiga-trust-m-1/optiga/common/optiga_lib_common.c ****     *p_two_byte_value |= (uint16_t)(*(p_input_buffer+1));
 124              	 .loc 1 67 0
 125 0006 4278     	 ldrb r2,[r0,#1]
 126 0008 1343     	 orr r3,r2
 127 000a 0B80     	 strh r3,[r1]
 128              	 .loc 1 68 0
 129 000c 7047     	 bx lr
 130              	 .cfi_endproc
 131              	.LFE3:
 133              	 .text
 134              	.Letext0:
 135              	 .file 2 "c:\\dave_4-4-2_64bit\\dave-ide-4.4.2-64bit\\eclipse\\arm-gcc-49\\arm-none-eabi\\include\\machine\\_default_types.h"
 136              	 .file 3 "c:\\dave_4-4-2_64bit\\dave-ide-4.4.2-64bit\\eclipse\\arm-gcc-49\\arm-none-eabi\\include\\stdint.h"
DEFINED SYMBOLS
                            *ABS*:00000000 optiga_lib_common.c
    {standard input}:18     .text.optiga_common_get_uint32:00000000 $t
    {standard input}:23     .text.optiga_common_get_uint32:00000000 optiga_common_get_uint32
    {standard input}:57     .text.optiga_common_set_uint16:00000000 $t
    {standard input}:62     .text.optiga_common_set_uint16:00000000 optiga_common_set_uint16
    {standard input}:79     .text.optiga_common_set_uint32:00000000 $t
    {standard input}:84     .text.optiga_common_set_uint32:00000000 optiga_common_set_uint32
    {standard input}:107    .text.optiga_common_get_uint16:00000000 $t
    {standard input}:112    .text.optiga_common_get_uint16:00000000 optiga_common_get_uint16
                     .debug_frame:00000010 $d

NO UNDEFINED SYMBOLS
